<?xml version="1.0" encoding="UTF-8"?>
<coverage generated="1777691159">
  <project timestamp="1777691159" name="Clover Coverage">
    <file name="/home/candido/Projects/15SOAT-Fase1/app/Contracts/MessagingServiceInterface.php">
      <metrics loc="24" ncloc="19" classes="0" methods="0" coveredmethods="0" conditionals="0" coveredconditionals="0" statements="0" coveredstatements="0" elements="0" coveredelements="0"/>
    </file>
    <file name="/home/candido/Projects/15SOAT-Fase1/app/Contracts/PaymentServiceInterface.php">
      <metrics loc="16" ncloc="11" classes="0" methods="0" coveredmethods="0" conditionals="0" coveredconditionals="0" statements="0" coveredstatements="0" elements="0" coveredelements="0"/>
    </file>
    <package name="App\Enums">
      <file name="/home/candido/Projects/15SOAT-Fase1/app/Enums/ServiceOrderStatus.php">
        <class name="App\Enums\ServiceOrderStatus" namespace="App\Enums">
          <metrics complexity="18" methods="3" coveredmethods="3" conditionals="0" coveredconditionals="0" statements="20" coveredstatements="20" elements="23" coveredelements="23"/>
        </class>
        <line num="16" type="method" name="label" visibility="public" complexity="9" crap="9" count="14"/>
        <line num="18" type="stmt" count="14"/>
        <line num="19" type="stmt" count="14"/>
        <line num="20" type="stmt" count="9"/>
        <line num="21" type="stmt" count="9"/>
        <line num="22" type="stmt" count="8"/>
        <line num="23" type="stmt" count="7"/>
        <line num="24" type="stmt" count="6"/>
        <line num="25" type="stmt" count="4"/>
        <line num="26" type="stmt" count="14"/>
        <line num="27" type="stmt" count="14"/>
        <line num="30" type="method" name="allowedTransitions" visibility="public" complexity="8" crap="8" count="7"/>
        <line num="32" type="stmt" count="7"/>
        <line num="33" type="stmt" count="7"/>
        <line num="34" type="stmt" count="5"/>
        <line num="35" type="stmt" count="4"/>
        <line num="36" type="stmt" count="3"/>
        <line num="37" type="stmt" count="3"/>
        <line num="38" type="stmt" count="3"/>
        <line num="39" type="stmt" count="7"/>
        <line num="40" type="stmt" count="7"/>
        <line num="43" type="method" name="canTransitionTo" visibility="public" complexity="1" crap="1" count="5"/>
        <line num="45" type="stmt" count="5"/>
        <metrics loc="48" ncloc="48" classes="1" methods="3" coveredmethods="3" conditionals="0" coveredconditionals="0" statements="20" coveredstatements="20" elements="23" coveredelements="23"/>
      </file>
      <file name="/home/candido/Projects/15SOAT-Fase1/app/Enums/UserRole.php">
        <class name="App\Enums\UserRole" namespace="App\Enums">
          <metrics complexity="4" methods="1" coveredmethods="1" conditionals="0" coveredconditionals="0" statements="5" coveredstatements="5" elements="6" coveredelements="6"/>
        </class>
        <line num="11" type="method" name="label" visibility="public" complexity="4" crap="4" count="22"/>
        <line num="13" type="stmt" count="22"/>
        <line num="14" type="stmt" count="22"/>
        <line num="15" type="stmt" count="21"/>
        <line num="16" type="stmt" count="22"/>
        <line num="17" type="stmt" count="22"/>
        <metrics loc="20" ncloc="20" classes="1" methods="1" coveredmethods="1" conditionals="0" coveredconditionals="0" statements="5" coveredstatements="5" elements="6" coveredelements="6"/>
      </file>
    </package>
    <package name="App\Http\Controllers\Api\V1">
      <file name="/home/candido/Projects/15SOAT-Fase1/app/Http/Controllers/Api/V1/AuthController.php">
        <class name="App\Http\Controllers\Api\V1\AuthController" namespace="App\Http\Controllers\Api\V1">
          <metrics complexity="4" methods="3" coveredmethods="3" conditionals="0" coveredconditionals="0" statements="16" coveredstatements="16" elements="19" coveredelements="19"/>
        </class>
        <line num="15" type="method" name="login" visibility="public" complexity="2" crap="2" count="2"/>
        <line num="36" type="stmt" count="2"/>
        <line num="37" type="stmt" count="2"/>
        <line num="38" type="stmt" count="2"/>
        <line num="39" type="stmt" count="2"/>
        <line num="41" type="stmt" count="2"/>
        <line num="42" type="stmt" count="1"/>
        <line num="46" type="stmt" count="1"/>
        <line num="47" type="stmt" count="1"/>
        <line num="49" type="stmt" count="1"/>
        <line num="50" type="stmt" count="1"/>
        <line num="51" type="stmt" count="1"/>
        <line num="52" type="stmt" count="1"/>
        <line num="53" type="stmt" count="1"/>
        <line num="56" type="method" name="logout" visibility="public" complexity="1" crap="1" count="1"/>
        <line num="68" type="stmt" count="1"/>
        <line num="70" type="stmt" count="1"/>
        <line num="73" type="method" name="me" visibility="public" complexity="1" crap="1" count="1"/>
        <line num="85" type="stmt" count="1"/>
        <metrics loc="88" ncloc="87" classes="1" methods="3" coveredmethods="3" conditionals="0" coveredconditionals="0" statements="16" coveredstatements="16" elements="19" coveredelements="19"/>
      </file>
      <file name="/home/candido/Projects/15SOAT-Fase1/app/Http/Controllers/Api/V1/ClientController.php">
        <class name="App\Http\Controllers\Api\V1\ClientController" namespace="App\Http\Controllers\Api\V1">
          <metrics complexity="7" methods="5" coveredmethods="3" conditionals="0" coveredconditionals="0" statements="19" coveredstatements="16" elements="24" coveredelements="19"/>
        </class>
        <line num="18" type="method" name="index" visibility="public" complexity="3" crap="3.04" count="2"/>
        <line num="34" type="stmt" count="2"/>
        <line num="36" type="stmt" count="2"/>
        <line num="37" type="stmt" count="1"/>
        <line num="40" type="stmt" count="2"/>
        <line num="41" type="stmt" count="0"/>
        <line num="44" type="stmt" count="2"/>
        <line num="47" type="method" name="store" visibility="public" complexity="1" crap="1" count="1"/>
        <line num="72" type="stmt" count="1"/>
        <line num="73" type="stmt" count="1"/>
        <line num="74" type="stmt" count="1"/>
        <line num="75" type="stmt" count="1"/>
        <line num="77" type="stmt" count="1"/>
        <line num="80" type="method" name="show" visibility="public" complexity="1" crap="2" count="0"/>
        <line num="95" type="stmt" count="0"/>
        <line num="97" type="stmt" count="0"/>
        <line num="100" type="method" name="update" visibility="public" complexity="1" crap="1" count="1"/>
        <line num="126" type="stmt" count="1"/>
        <line num="127" type="stmt" count="1"/>
        <line num="129" type="stmt" count="1"/>
        <line num="132" type="method" name="destroy" visibility="public" complexity="1" crap="1" count="1"/>
        <line num="147" type="stmt" count="1"/>
        <line num="148" type="stmt" count="1"/>
        <line num="150" type="stmt" count="1"/>
        <metrics loc="153" ncloc="153" classes="1" methods="5" coveredmethods="3" conditionals="0" coveredconditionals="0" statements="19" coveredstatements="16" elements="24" coveredelements="19"/>
      </file>
      <file name="/home/candido/Projects/15SOAT-Fase1/app/Http/Controllers/Api/V1/Controller.php">
        <class name="App\Http\Controllers\Api\V1\Controller" namespace="App\Http\Controllers\Api\V1">
          <metrics complexity="0" methods="0" coveredmethods="0" conditionals="0" coveredconditionals="0" statements="0" coveredstatements="0" elements="0" coveredelements="0"/>
        </class>
        <metrics loc="24" ncloc="24" classes="0" methods="0" coveredmethods="0" conditionals="0" coveredconditionals="0" statements="0" coveredstatements="0" elements="0" coveredelements="0"/>
      </file>
      <file name="/home/candido/Projects/15SOAT-Fase1/app/Http/Controllers/Api/V1/PartController.php">
        <class name="App\Http\Controllers\Api\V1\PartController" namespace="App\Http\Controllers\Api\V1">
          <metrics complexity="7" methods="5" coveredmethods="3" conditionals="0" coveredconditionals="0" statements="14" coveredstatements="12" elements="19" coveredelements="15"/>
        </class>
        <line num="17" type="method" name="index" visibility="public" complexity="3" crap="3.04" count="2"/>
        <line num="30" type="stmt" count="2"/>
        <line num="32" type="stmt" count="2"/>
        <line num="33" type="stmt" count="0"/>
        <line num="36" type="stmt" count="2"/>
        <line num="37" type="stmt" count="1"/>
        <line num="40" type="stmt" count="2"/>
        <line num="43" type="method" name="store" visibility="public" complexity="1" crap="1" count="1"/>
        <line num="69" type="stmt" count="1"/>
        <line num="71" type="stmt" count="1"/>
        <line num="74" type="method" name="show" visibility="public" complexity="1" crap="2" count="0"/>
        <line num="89" type="stmt" count="0"/>
        <line num="92" type="method" name="update" visibility="public" complexity="1" crap="1" count="1"/>
        <line num="118" type="stmt" count="1"/>
        <line num="119" type="stmt" count="1"/>
        <line num="121" type="stmt" count="1"/>
        <line num="124" type="method" name="destroy" visibility="public" complexity="1" crap="1" count="1"/>
        <line num="139" type="stmt" count="1"/>
        <line num="141" type="stmt" count="1"/>
        <metrics loc="144" ncloc="144" classes="1" methods="5" coveredmethods="3" conditionals="0" coveredconditionals="0" statements="14" coveredstatements="12" elements="19" coveredelements="15"/>
      </file>
      <file name="/home/candido/Projects/15SOAT-Fase1/app/Http/Controllers/Api/V1/ServiceController.php">
        <class name="App\Http\Controllers\Api\V1\ServiceController" namespace="App\Http\Controllers\Api\V1">
          <metrics complexity="6" methods="5" coveredmethods="4" conditionals="0" coveredconditionals="0" statements="12" coveredstatements="11" elements="17" coveredelements="15"/>
        </class>
        <line num="17" type="method" name="index" visibility="public" complexity="2" crap="2" count="2"/>
        <line num="29" type="stmt" count="2"/>
        <line num="31" type="stmt" count="2"/>
        <line num="32" type="stmt" count="1"/>
        <line num="35" type="stmt" count="2"/>
        <line num="38" type="method" name="store" visibility="public" complexity="1" crap="1" count="1"/>
        <line num="63" type="stmt" count="1"/>
        <line num="65" type="stmt" count="1"/>
        <line num="68" type="method" name="show" visibility="public" complexity="1" crap="2" count="0"/>
        <line num="83" type="stmt" count="0"/>
        <line num="86" type="method" name="update" visibility="public" complexity="1" crap="1" count="1"/>
        <line num="112" type="stmt" count="1"/>
        <line num="113" type="stmt" count="1"/>
        <line num="115" type="stmt" count="1"/>
        <line num="118" type="method" name="destroy" visibility="public" complexity="1" crap="1" count="1"/>
        <line num="133" type="stmt" count="1"/>
        <line num="135" type="stmt" count="1"/>
        <metrics loc="138" ncloc="138" classes="1" methods="5" coveredmethods="4" conditionals="0" coveredconditionals="0" statements="12" coveredstatements="11" elements="17" coveredelements="15"/>
      </file>
      <file name="/home/candido/Projects/15SOAT-Fase1/app/Http/Controllers/Api/V1/ServiceOrderController.php">
        <class name="App\Http\Controllers\Api\V1\ServiceOrderController" namespace="App\Http\Controllers\Api\V1">
          <metrics complexity="39" methods="14" coveredmethods="4" conditionals="0" coveredconditionals="0" statements="134" coveredstatements="103" elements="148" coveredelements="107"/>
        </class>
        <line num="25" type="method" name="__construct" visibility="public" complexity="1" crap="1" count="16"/>
        <line num="28" type="stmt" count="16"/>
        <line num="30" type="method" name="index" visibility="public" complexity="5" crap="5.27" count="2"/>
        <line num="43" type="stmt" count="2"/>
        <line num="44" type="stmt" count="2"/>
        <line num="46" type="stmt" count="2"/>
        <line num="47" type="stmt" count="1"/>
        <line num="50" type="stmt" count="2"/>
        <line num="51" type="stmt" count="0"/>
        <line num="54" type="stmt" count="2"/>
        <line num="55" type="stmt" count="0"/>
        <line num="58" type="stmt" count="2"/>
        <line num="61" type="method" name="store" visibility="public" complexity="1" crap="1" count="1"/>
        <line num="84" type="stmt" count="1"/>
        <line num="85" type="stmt" count="1"/>
        <line num="86" type="stmt" count="1"/>
        <line num="87" type="stmt" count="1"/>
        <line num="88" type="stmt" count="1"/>
        <line num="90" type="stmt" count="1"/>
        <line num="92" type="stmt" count="1"/>
        <line num="95" type="method" name="show" visibility="public" complexity="3" crap="12" count="0"/>
        <line num="110" type="stmt" count="0"/>
        <line num="112" type="stmt" count="0"/>
        <line num="113" type="stmt" count="0"/>
        <line num="116" type="stmt" count="0"/>
        <line num="119" type="method" name="addService" visibility="public" complexity="2" crap="2.00" count="1"/>
        <line num="144" type="stmt" count="1"/>
        <line num="146" type="stmt" count="1"/>
        <line num="147" type="stmt" count="0"/>
        <line num="150" type="stmt" count="1"/>
        <line num="151" type="stmt" count="1"/>
        <line num="153" type="stmt" count="1"/>
        <line num="154" type="stmt" count="1"/>
        <line num="155" type="stmt" count="1"/>
        <line num="156" type="stmt" count="1"/>
        <line num="157" type="stmt" count="1"/>
        <line num="158" type="stmt" count="1"/>
        <line num="160" type="stmt" count="1"/>
        <line num="161" type="stmt" count="1"/>
        <line num="162" type="stmt" count="1"/>
        <line num="163" type="stmt" count="1"/>
        <line num="166" type="method" name="addPart" visibility="public" complexity="3" crap="3.00" count="2"/>
        <line num="191" type="stmt" count="2"/>
        <line num="193" type="stmt" count="2"/>
        <line num="194" type="stmt" count="0"/>
        <line num="197" type="stmt" count="2"/>
        <line num="198" type="stmt" count="2"/>
        <line num="200" type="stmt" count="2"/>
        <line num="201" type="stmt" count="1"/>
        <line num="204" type="stmt" count="1"/>
        <line num="205" type="stmt" count="1"/>
        <line num="206" type="stmt" count="1"/>
        <line num="207" type="stmt" count="1"/>
        <line num="208" type="stmt" count="1"/>
        <line num="209" type="stmt" count="1"/>
        <line num="211" type="stmt" count="1"/>
        <line num="213" type="stmt" count="1"/>
        <line num="214" type="stmt" count="1"/>
        <line num="215" type="stmt" count="1"/>
        <line num="216" type="stmt" count="1"/>
        <line num="219" type="method" name="generateBudget" visibility="public" complexity="2" crap="2" count="2"/>
        <line num="234" type="stmt" count="2"/>
        <line num="236" type="stmt" count="2"/>
        <line num="237" type="stmt" count="1"/>
        <line num="240" type="stmt" count="1"/>
        <line num="242" type="stmt" count="1"/>
        <line num="243" type="stmt" count="1"/>
        <line num="244" type="stmt" count="1"/>
        <line num="245" type="stmt" count="1"/>
        <line num="246" type="stmt" count="1"/>
        <line num="248" type="stmt" count="1"/>
        <line num="249" type="stmt" count="1"/>
        <line num="251" type="stmt" count="1"/>
        <line num="254" type="method" name="approve" visibility="public" complexity="4" crap="4.05" count="2"/>
        <line num="269" type="stmt" count="2"/>
        <line num="271" type="stmt" count="2"/>
        <line num="272" type="stmt" count="1"/>
        <line num="275" type="stmt" count="1"/>
        <line num="276" type="stmt" count="0"/>
        <line num="279" type="stmt" count="1"/>
        <line num="281" type="stmt" count="1"/>
        <line num="284" type="method" name="cancel" visibility="public" complexity="5" crap="5.27" count="1"/>
        <line num="299" type="stmt" count="1"/>
        <line num="301" type="stmt" count="1"/>
        <line num="302" type="stmt" count="0"/>
        <line num="305" type="stmt" count="1"/>
        <line num="306" type="stmt" count="0"/>
        <line num="309" type="stmt" count="1"/>
        <line num="310" type="stmt" count="1"/>
        <line num="313" type="stmt" count="1"/>
        <line num="315" type="stmt" count="1"/>
        <line num="318" type="method" name="startExecution" visibility="public" complexity="2" crap="2.03" count="1"/>
        <line num="333" type="stmt" count="1"/>
        <line num="335" type="stmt" count="1"/>
        <line num="336" type="stmt" count="0"/>
        <line num="339" type="stmt" count="1"/>
        <line num="341" type="stmt" count="1"/>
        <line num="344" type="method" name="finalize" visibility="public" complexity="2" crap="2.01" count="1"/>
        <line num="359" type="stmt" count="1"/>
        <line num="361" type="stmt" count="1"/>
        <line num="362" type="stmt" count="0"/>
        <line num="365" type="stmt" count="1"/>
        <line num="366" type="stmt" count="1"/>
        <line num="367" type="stmt" count="1"/>
        <line num="368" type="stmt" count="1"/>
        <line num="370" type="stmt" count="1"/>
        <line num="372" type="stmt" count="1"/>
        <line num="375" type="method" name="pay" visibility="public" complexity="6" crap="6.56" count="1"/>
        <line num="390" type="stmt" count="1"/>
        <line num="392" type="stmt" count="1"/>
        <line num="393" type="stmt" count="0"/>
        <line num="396" type="stmt" count="1"/>
        <line num="397" type="stmt" count="0"/>
        <line num="400" type="stmt" count="1"/>
        <line num="401" type="stmt" count="0"/>
        <line num="404" type="stmt" count="1"/>
        <line num="406" type="stmt" count="1"/>
        <line num="407" type="stmt" count="0"/>
        <line num="410" type="stmt" count="1"/>
        <line num="412" type="stmt" count="1"/>
        <line num="413" type="stmt" count="1"/>
        <line num="414" type="stmt" count="1"/>
        <line num="415" type="stmt" count="1"/>
        <line num="416" type="stmt" count="1"/>
        <line num="419" type="method" name="deliver" visibility="public" complexity="2" crap="2" count="2"/>
        <line num="434" type="stmt" count="2"/>
        <line num="436" type="stmt" count="2"/>
        <line num="437" type="stmt" count="1"/>
        <line num="440" type="stmt" count="1"/>
        <line num="441" type="stmt" count="1"/>
        <line num="442" type="stmt" count="1"/>
        <line num="443" type="stmt" count="1"/>
        <line num="445" type="stmt" count="1"/>
        <line num="448" type="method" name="stats" visibility="public" complexity="1" crap="2" count="0"/>
        <line num="457" type="stmt" count="0"/>
        <line num="458" type="stmt" count="0"/>
        <line num="459" type="stmt" count="0"/>
        <line num="460" type="stmt" count="0"/>
        <line num="461" type="stmt" count="0"/>
        <line num="462" type="stmt" count="0"/>
        <line num="463" type="stmt" count="0"/>
        <line num="464" type="stmt" count="0"/>
        <line num="466" type="stmt" count="0"/>
        <line num="467" type="stmt" count="0"/>
        <line num="468" type="stmt" count="0"/>
        <line num="469" type="stmt" count="0"/>
        <line num="470" type="stmt" count="0"/>
        <line num="471" type="stmt" count="0"/>
        <metrics loc="474" ncloc="474" classes="1" methods="14" coveredmethods="4" conditionals="0" coveredconditionals="0" statements="134" coveredstatements="103" elements="148" coveredelements="107"/>
      </file>
      <file name="/home/candido/Projects/15SOAT-Fase1/app/Http/Controllers/Api/V1/VehicleController.php">
        <class name="App\Http\Controllers\Api\V1\VehicleController" namespace="App\Http\Controllers\Api\V1">
          <metrics complexity="7" methods="5" coveredmethods="3" conditionals="0" coveredconditionals="0" statements="16" coveredstatements="12" elements="21" coveredelements="15"/>
        </class>
        <line num="17" type="method" name="index" visibility="public" complexity="3" crap="3.33" count="1"/>
        <line num="30" type="stmt" count="1"/>
        <line num="32" type="stmt" count="1"/>
        <line num="33" type="stmt" count="0"/>
        <line num="36" type="stmt" count="1"/>
        <line num="37" type="stmt" count="0"/>
        <line num="40" type="stmt" count="1"/>
        <line num="43" type="method" name="store" visibility="public" complexity="1" crap="1" count="1"/>
        <line num="69" type="stmt" count="1"/>
        <line num="71" type="stmt" count="1"/>
        <line num="74" type="method" name="show" visibility="public" complexity="1" crap="2" count="0"/>
        <line num="89" type="stmt" count="0"/>
        <line num="91" type="stmt" count="0"/>
        <line num="94" type="method" name="update" visibility="public" complexity="1" crap="1" count="1"/>
        <line num="121" type="stmt" count="1"/>
        <line num="122" type="stmt" count="1"/>
        <line num="124" type="stmt" count="1"/>
        <line num="127" type="method" name="destroy" visibility="public" complexity="1" crap="1" count="1"/>
        <line num="142" type="stmt" count="1"/>
        <line num="143" type="stmt" count="1"/>
        <line num="145" type="stmt" count="1"/>
        <metrics loc="148" ncloc="148" classes="1" methods="5" coveredmethods="3" conditionals="0" coveredconditionals="0" statements="16" coveredstatements="12" elements="21" coveredelements="15"/>
      </file>
      <file name="/home/candido/Projects/15SOAT-Fase1/app/Http/Controllers/Api/V1/WebhookController.php">
        <class name="App\Http\Controllers\Api\V1\WebhookController" namespace="App\Http\Controllers\Api\V1">
          <metrics complexity="1" methods="1" coveredmethods="1" conditionals="0" coveredconditionals="0" statements="19" coveredstatements="19" elements="20" coveredelements="20"/>
        </class>
        <line num="13" type="method" name="messaging" visibility="public" complexity="1" crap="1" count="3"/>
        <line num="42" type="stmt" count="3"/>
        <line num="43" type="stmt" count="3"/>
        <line num="44" type="stmt" count="3"/>
        <line num="45" type="stmt" count="3"/>
        <line num="46" type="stmt" count="3"/>
        <line num="47" type="stmt" count="3"/>
        <line num="48" type="stmt" count="3"/>
        <line num="49" type="stmt" count="3"/>
        <line num="50" type="stmt" count="3"/>
        <line num="51" type="stmt" count="3"/>
        <line num="52" type="stmt" count="3"/>
        <line num="53" type="stmt" count="3"/>
        <line num="54" type="stmt" count="3"/>
        <line num="55" type="stmt" count="3"/>
        <line num="56" type="stmt" count="3"/>
        <line num="58" type="stmt" count="3"/>
        <line num="59" type="stmt" count="3"/>
        <line num="60" type="stmt" count="3"/>
        <line num="61" type="stmt" count="3"/>
        <metrics loc="64" ncloc="64" classes="1" methods="1" coveredmethods="1" conditionals="0" coveredconditionals="0" statements="19" coveredstatements="19" elements="20" coveredelements="20"/>
      </file>
    </package>
    <package name="App\Http\Controllers">
      <file name="/home/candido/Projects/15SOAT-Fase1/app/Http/Controllers/Controller.php">
        <class name="App\Http\Controllers\Controller" namespace="App\Http\Controllers">
          <metrics complexity="0" methods="0" coveredmethods="0" conditionals="0" coveredconditionals="0" statements="0" coveredstatements="0" elements="0" coveredelements="0"/>
        </class>
        <metrics loc="9" ncloc="8" classes="0" methods="0" coveredmethods="0" conditionals="0" coveredconditionals="0" statements="0" coveredstatements="0" elements="0" coveredelements="0"/>
      </file>
    </package>
    <package name="App\Http\Middleware">
      <file name="/home/candido/Projects/15SOAT-Fase1/app/Http/Middleware/EnsureRole.php">
        <class name="App\Http\Middleware\EnsureRole" namespace="App\Http\Middleware">
          <metrics complexity="3" methods="1" coveredmethods="0" conditionals="0" coveredconditionals="0" statements="7" coveredstatements="6" elements="8" coveredelements="6"/>
        </class>
        <line num="12" type="method" name="handle" visibility="public" complexity="3" crap="3.03" count="38"/>
        <line num="14" type="stmt" count="38"/>
        <line num="16" type="stmt" count="38"/>
        <line num="17" type="stmt" count="0"/>
        <line num="20" type="stmt" count="38"/>
        <line num="22" type="stmt" count="38"/>
        <line num="23" type="stmt" count="3"/>
        <line num="26" type="stmt" count="35"/>
        <metrics loc="29" ncloc="29" classes="1" methods="1" coveredmethods="0" conditionals="0" coveredconditionals="0" statements="7" coveredstatements="6" elements="8" coveredelements="6"/>
      </file>
    </package>
    <package name="App\Http\Requests">
      <file name="/home/candido/Projects/15SOAT-Fase1/app/Http/Requests/AddPartToOrderRequest.php">
        <class name="App\Http\Requests\AddPartToOrderRequest" namespace="App\Http\Requests">
          <metrics complexity="2" methods="2" coveredmethods="2" conditionals="0" coveredconditionals="0" statements="5" coveredstatements="5" elements="7" coveredelements="7"/>
        </class>
        <line num="9" type="method" name="authorize" visibility="public" complexity="1" crap="1" count="2"/>
        <line num="11" type="stmt" count="2"/>
        <line num="14" type="method" name="rules" visibility="public" complexity="1" crap="1" count="2"/>
        <line num="16" type="stmt" count="2"/>
        <line num="17" type="stmt" count="2"/>
        <line num="18" type="stmt" count="2"/>
        <line num="19" type="stmt" count="2"/>
        <metrics loc="22" ncloc="22" classes="1" methods="2" coveredmethods="2" conditionals="0" coveredconditionals="0" statements="5" coveredstatements="5" elements="7" coveredelements="7"/>
      </file>
      <file name="/home/candido/Projects/15SOAT-Fase1/app/Http/Requests/AddServiceToOrderRequest.php">
        <class name="App\Http\Requests\AddServiceToOrderRequest" namespace="App\Http\Requests">
          <metrics complexity="2" methods="2" coveredmethods="2" conditionals="0" coveredconditionals="0" statements="5" coveredstatements="5" elements="7" coveredelements="7"/>
        </class>
        <line num="9" type="method" name="authorize" visibility="public" complexity="1" crap="1" count="1"/>
        <line num="11" type="stmt" count="1"/>
        <line num="14" type="method" name="rules" visibility="public" complexity="1" crap="1" count="1"/>
        <line num="16" type="stmt" count="1"/>
        <line num="17" type="stmt" count="1"/>
        <line num="18" type="stmt" count="1"/>
        <line num="19" type="stmt" count="1"/>
        <metrics loc="22" ncloc="22" classes="1" methods="2" coveredmethods="2" conditionals="0" coveredconditionals="0" statements="5" coveredstatements="5" elements="7" coveredelements="7"/>
      </file>
      <file name="/home/candido/Projects/15SOAT-Fase1/app/Http/Requests/StoreClientRequest.php">
        <class name="App\Http\Requests\StoreClientRequest" namespace="App\Http\Requests">
          <metrics complexity="2" methods="2" coveredmethods="2" conditionals="0" coveredconditionals="0" statements="8" coveredstatements="8" elements="10" coveredelements="10"/>
        </class>
        <line num="9" type="method" name="authorize" visibility="public" complexity="1" crap="1" count="2"/>
        <line num="11" type="stmt" count="2"/>
        <line num="14" type="method" name="rules" visibility="public" complexity="1" crap="1" count="2"/>
        <line num="16" type="stmt" count="2"/>
        <line num="17" type="stmt" count="2"/>
        <line num="18" type="stmt" count="2"/>
        <line num="19" type="stmt" count="2"/>
        <line num="20" type="stmt" count="2"/>
        <line num="21" type="stmt" count="2"/>
        <line num="22" type="stmt" count="2"/>
        <metrics loc="25" ncloc="25" classes="1" methods="2" coveredmethods="2" conditionals="0" coveredconditionals="0" statements="8" coveredstatements="8" elements="10" coveredelements="10"/>
      </file>
      <file name="/home/candido/Projects/15SOAT-Fase1/app/Http/Requests/StorePartRequest.php">
        <class name="App\Http\Requests\StorePartRequest" namespace="App\Http\Requests">
          <metrics complexity="2" methods="2" coveredmethods="2" conditionals="0" coveredconditionals="0" statements="9" coveredstatements="9" elements="11" coveredelements="11"/>
        </class>
        <line num="9" type="method" name="authorize" visibility="public" complexity="1" crap="1" count="1"/>
        <line num="11" type="stmt" count="1"/>
        <line num="14" type="method" name="rules" visibility="public" complexity="1" crap="1" count="1"/>
        <line num="16" type="stmt" count="1"/>
        <line num="17" type="stmt" count="1"/>
        <line num="18" type="stmt" count="1"/>
        <line num="19" type="stmt" count="1"/>
        <line num="20" type="stmt" count="1"/>
        <line num="21" type="stmt" count="1"/>
        <line num="22" type="stmt" count="1"/>
        <line num="23" type="stmt" count="1"/>
        <metrics loc="26" ncloc="26" classes="1" methods="2" coveredmethods="2" conditionals="0" coveredconditionals="0" statements="9" coveredstatements="9" elements="11" coveredelements="11"/>
      </file>
      <file name="/home/candido/Projects/15SOAT-Fase1/app/Http/Requests/StoreServiceOrderRequest.php">
        <class name="App\Http\Requests\StoreServiceOrderRequest" namespace="App\Http\Requests">
          <metrics complexity="2" methods="2" coveredmethods="2" conditionals="0" coveredconditionals="0" statements="6" coveredstatements="6" elements="8" coveredelements="8"/>
        </class>
        <line num="9" type="method" name="authorize" visibility="public" complexity="1" crap="1" count="1"/>
        <line num="11" type="stmt" count="1"/>
        <line num="14" type="method" name="rules" visibility="public" complexity="1" crap="1" count="1"/>
        <line num="16" type="stmt" count="1"/>
        <line num="17" type="stmt" count="1"/>
        <line num="18" type="stmt" count="1"/>
        <line num="19" type="stmt" count="1"/>
        <line num="20" type="stmt" count="1"/>
        <metrics loc="23" ncloc="23" classes="1" methods="2" coveredmethods="2" conditionals="0" coveredconditionals="0" statements="6" coveredstatements="6" elements="8" coveredelements="8"/>
      </file>
      <file name="/home/candido/Projects/15SOAT-Fase1/app/Http/Requests/StoreServiceRequest.php">
        <class name="App\Http\Requests\StoreServiceRequest" namespace="App\Http\Requests">
          <metrics complexity="2" methods="2" coveredmethods="2" conditionals="0" coveredconditionals="0" statements="8" coveredstatements="8" elements="10" coveredelements="10"/>
        </class>
        <line num="9" type="method" name="authorize" visibility="public" complexity="1" crap="1" count="1"/>
        <line num="11" type="stmt" count="1"/>
        <line num="14" type="method" name="rules" visibility="public" complexity="1" crap="1" count="1"/>
        <line num="16" type="stmt" count="1"/>
        <line num="17" type="stmt" count="1"/>
        <line num="18" type="stmt" count="1"/>
        <line num="19" type="stmt" count="1"/>
        <line num="20" type="stmt" count="1"/>
        <line num="21" type="stmt" count="1"/>
        <line num="22" type="stmt" count="1"/>
        <metrics loc="25" ncloc="25" classes="1" methods="2" coveredmethods="2" conditionals="0" coveredconditionals="0" statements="8" coveredstatements="8" elements="10" coveredelements="10"/>
      </file>
      <file name="/home/candido/Projects/15SOAT-Fase1/app/Http/Requests/StoreVehicleRequest.php">
        <class name="App\Http\Requests\StoreVehicleRequest" namespace="App\Http\Requests">
          <metrics complexity="2" methods="2" coveredmethods="2" conditionals="0" coveredconditionals="0" statements="9" coveredstatements="9" elements="11" coveredelements="11"/>
        </class>
        <line num="9" type="method" name="authorize" visibility="public" complexity="1" crap="1" count="2"/>
        <line num="11" type="stmt" count="2"/>
        <line num="14" type="method" name="rules" visibility="public" complexity="1" crap="1" count="2"/>
        <line num="16" type="stmt" count="2"/>
        <line num="17" type="stmt" count="2"/>
        <line num="18" type="stmt" count="2"/>
        <line num="19" type="stmt" count="2"/>
        <line num="20" type="stmt" count="2"/>
        <line num="21" type="stmt" count="2"/>
        <line num="22" type="stmt" count="2"/>
        <line num="23" type="stmt" count="2"/>
        <metrics loc="26" ncloc="26" classes="1" methods="2" coveredmethods="2" conditionals="0" coveredconditionals="0" statements="9" coveredstatements="9" elements="11" coveredelements="11"/>
      </file>
      <file name="/home/candido/Projects/15SOAT-Fase1/app/Http/Requests/UpdateClientRequest.php">
        <class name="App\Http\Requests\UpdateClientRequest" namespace="App\Http\Requests">
          <metrics complexity="2" methods="2" coveredmethods="2" conditionals="0" coveredconditionals="0" statements="9" coveredstatements="9" elements="11" coveredelements="11"/>
        </class>
        <line num="9" type="method" name="authorize" visibility="public" complexity="1" crap="1" count="1"/>
        <line num="11" type="stmt" count="1"/>
        <line num="14" type="method" name="rules" visibility="public" complexity="1" crap="1" count="1"/>
        <line num="16" type="stmt" count="1"/>
        <line num="18" type="stmt" count="1"/>
        <line num="19" type="stmt" count="1"/>
        <line num="20" type="stmt" count="1"/>
        <line num="21" type="stmt" count="1"/>
        <line num="22" type="stmt" count="1"/>
        <line num="23" type="stmt" count="1"/>
        <line num="24" type="stmt" count="1"/>
        <metrics loc="27" ncloc="27" classes="1" methods="2" coveredmethods="2" conditionals="0" coveredconditionals="0" statements="9" coveredstatements="9" elements="11" coveredelements="11"/>
      </file>
      <file name="/home/candido/Projects/15SOAT-Fase1/app/Http/Requests/UpdatePartRequest.php">
        <class name="App\Http\Requests\UpdatePartRequest" namespace="App\Http\Requests">
          <metrics complexity="2" methods="2" coveredmethods="2" conditionals="0" coveredconditionals="0" statements="10" coveredstatements="10" elements="12" coveredelements="12"/>
        </class>
        <line num="9" type="method" name="authorize" visibility="public" complexity="1" crap="1" count="1"/>
        <line num="11" type="stmt" count="1"/>
        <line num="14" type="method" name="rules" visibility="public" complexity="1" crap="1" count="1"/>
        <line num="16" type="stmt" count="1"/>
        <line num="18" type="stmt" count="1"/>
        <line num="19" type="stmt" count="1"/>
        <line num="20" type="stmt" count="1"/>
        <line num="21" type="stmt" count="1"/>
        <line num="22" type="stmt" count="1"/>
        <line num="23" type="stmt" count="1"/>
        <line num="24" type="stmt" count="1"/>
        <line num="25" type="stmt" count="1"/>
        <metrics loc="28" ncloc="28" classes="1" methods="2" coveredmethods="2" conditionals="0" coveredconditionals="0" statements="10" coveredstatements="10" elements="12" coveredelements="12"/>
      </file>
      <file name="/home/candido/Projects/15SOAT-Fase1/app/Http/Requests/UpdateServiceRequest.php">
        <class name="App\Http\Requests\UpdateServiceRequest" namespace="App\Http\Requests">
          <metrics complexity="2" methods="2" coveredmethods="2" conditionals="0" coveredconditionals="0" statements="8" coveredstatements="8" elements="10" coveredelements="10"/>
        </class>
        <line num="9" type="method" name="authorize" visibility="public" complexity="1" crap="1" count="1"/>
        <line num="11" type="stmt" count="1"/>
        <line num="14" type="method" name="rules" visibility="public" complexity="1" crap="1" count="1"/>
        <line num="16" type="stmt" count="1"/>
        <line num="17" type="stmt" count="1"/>
        <line num="18" type="stmt" count="1"/>
        <line num="19" type="stmt" count="1"/>
        <line num="20" type="stmt" count="1"/>
        <line num="21" type="stmt" count="1"/>
        <line num="22" type="stmt" count="1"/>
        <metrics loc="25" ncloc="25" classes="1" methods="2" coveredmethods="2" conditionals="0" coveredconditionals="0" statements="8" coveredstatements="8" elements="10" coveredelements="10"/>
      </file>
      <file name="/home/candido/Projects/15SOAT-Fase1/app/Http/Requests/UpdateVehicleRequest.php">
        <class name="App\Http\Requests\UpdateVehicleRequest" namespace="App\Http\Requests">
          <metrics complexity="2" methods="2" coveredmethods="2" conditionals="0" coveredconditionals="0" statements="10" coveredstatements="10" elements="12" coveredelements="12"/>
        </class>
        <line num="9" type="method" name="authorize" visibility="public" complexity="1" crap="1" count="1"/>
        <line num="11" type="stmt" count="1"/>
        <line num="14" type="method" name="rules" visibility="public" complexity="1" crap="1" count="1"/>
        <line num="16" type="stmt" count="1"/>
        <line num="18" type="stmt" count="1"/>
        <line num="19" type="stmt" count="1"/>
        <line num="20" type="stmt" count="1"/>
        <line num="21" type="stmt" count="1"/>
        <line num="22" type="stmt" count="1"/>
        <line num="23" type="stmt" count="1"/>
        <line num="24" type="stmt" count="1"/>
        <line num="25" type="stmt" count="1"/>
        <metrics loc="28" ncloc="28" classes="1" methods="2" coveredmethods="2" conditionals="0" coveredconditionals="0" statements="10" coveredstatements="10" elements="12" coveredelements="12"/>
      </file>
    </package>
    <package name="App\Http\Resources">
      <file name="/home/candido/Projects/15SOAT-Fase1/app/Http/Resources/PartResource.php">
        <class name="App\Http\Resources\PartResource" namespace="App\Http\Resources">
          <metrics complexity="1" methods="1" coveredmethods="1" conditionals="0" coveredconditionals="0" statements="10" coveredstatements="10" elements="11" coveredelements="11"/>
        </class>
        <line num="10" type="method" name="toArray" visibility="public" complexity="1" crap="1" count="6"/>
        <line num="12" type="stmt" count="6"/>
        <line num="13" type="stmt" count="6"/>
        <line num="14" type="stmt" count="6"/>
        <line num="15" type="stmt" count="6"/>
        <line num="16" type="stmt" count="6"/>
        <line num="17" type="stmt" count="6"/>
        <line num="18" type="stmt" count="6"/>
        <line num="19" type="stmt" count="6"/>
        <line num="20" type="stmt" count="6"/>
        <line num="21" type="stmt" count="6"/>
        <metrics loc="24" ncloc="24" classes="1" methods="1" coveredmethods="1" conditionals="0" coveredconditionals="0" statements="10" coveredstatements="10" elements="11" coveredelements="11"/>
      </file>
      <file name="/home/candido/Projects/15SOAT-Fase1/app/Http/Resources/ServiceOrderResource.php">
        <class name="App\Http\Resources\ServiceOrderResource" namespace="App\Http\Resources">
          <metrics complexity="1" methods="1" coveredmethods="1" conditionals="0" coveredconditionals="0" statements="17" coveredstatements="17" elements="18" coveredelements="18"/>
        </class>
        <line num="10" type="method" name="toArray" visibility="public" complexity="1" crap="1" count="12"/>
        <line num="12" type="stmt" count="12"/>
        <line num="13" type="stmt" count="12"/>
        <line num="14" type="stmt" count="12"/>
        <line num="15" type="stmt" count="12"/>
        <line num="16" type="stmt" count="12"/>
        <line num="17" type="stmt" count="12"/>
        <line num="18" type="stmt" count="12"/>
        <line num="19" type="stmt" count="12"/>
        <line num="20" type="stmt" count="12"/>
        <line num="21" type="stmt" count="12"/>
        <line num="22" type="stmt" count="12"/>
        <line num="23" type="stmt" count="12"/>
        <line num="24" type="stmt" count="12"/>
        <line num="25" type="stmt" count="12"/>
        <line num="26" type="stmt" count="12"/>
        <line num="27" type="stmt" count="12"/>
        <line num="28" type="stmt" count="12"/>
        <metrics loc="31" ncloc="31" classes="1" methods="1" coveredmethods="1" conditionals="0" coveredconditionals="0" statements="17" coveredstatements="17" elements="18" coveredelements="18"/>
      </file>
      <file name="/home/candido/Projects/15SOAT-Fase1/app/Http/Resources/ServiceResource.php">
        <class name="App\Http\Resources\ServiceResource" namespace="App\Http\Resources">
          <metrics complexity="1" methods="1" coveredmethods="1" conditionals="0" coveredconditionals="0" statements="9" coveredstatements="9" elements="10" coveredelements="10"/>
        </class>
        <line num="10" type="method" name="toArray" visibility="public" complexity="1" crap="1" count="6"/>
        <line num="12" type="stmt" count="6"/>
        <line num="13" type="stmt" count="6"/>
        <line num="14" type="stmt" count="6"/>
        <line num="15" type="stmt" count="6"/>
        <line num="16" type="stmt" count="6"/>
        <line num="17" type="stmt" count="6"/>
        <line num="18" type="stmt" count="6"/>
        <line num="19" type="stmt" count="6"/>
        <line num="20" type="stmt" count="6"/>
        <metrics loc="23" ncloc="23" classes="1" methods="1" coveredmethods="1" conditionals="0" coveredconditionals="0" statements="9" coveredstatements="9" elements="10" coveredelements="10"/>
      </file>
      <file name="/home/candido/Projects/15SOAT-Fase1/app/Http/Resources/UserResource.php">
        <class name="App\Http\Resources\UserResource" namespace="App\Http\Resources">
          <metrics complexity="1" methods="1" coveredmethods="1" conditionals="0" coveredconditionals="0" statements="10" coveredstatements="10" elements="11" coveredelements="11"/>
        </class>
        <line num="10" type="method" name="toArray" visibility="public" complexity="1" crap="1" count="21"/>
        <line num="12" type="stmt" count="21"/>
        <line num="13" type="stmt" count="21"/>
        <line num="14" type="stmt" count="21"/>
        <line num="15" type="stmt" count="21"/>
        <line num="16" type="stmt" count="21"/>
        <line num="17" type="stmt" count="21"/>
        <line num="18" type="stmt" count="21"/>
        <line num="19" type="stmt" count="21"/>
        <line num="20" type="stmt" count="21"/>
        <line num="21" type="stmt" count="21"/>
        <metrics loc="24" ncloc="24" classes="1" methods="1" coveredmethods="1" conditionals="0" coveredconditionals="0" statements="10" coveredstatements="10" elements="11" coveredelements="11"/>
      </file>
      <file name="/home/candido/Projects/15SOAT-Fase1/app/Http/Resources/VehicleResource.php">
        <class name="App\Http\Resources\VehicleResource" namespace="App\Http\Resources">
          <metrics complexity="1" methods="1" coveredmethods="1" conditionals="0" coveredconditionals="0" statements="11" coveredstatements="11" elements="12" coveredelements="12"/>
        </class>
        <line num="10" type="method" name="toArray" visibility="public" complexity="1" crap="1" count="15"/>
        <line num="12" type="stmt" count="15"/>
        <line num="13" type="stmt" count="15"/>
        <line num="14" type="stmt" count="15"/>
        <line num="15" type="stmt" count="15"/>
        <line num="16" type="stmt" count="15"/>
        <line num="17" type="stmt" count="15"/>
        <line num="18" type="stmt" count="15"/>
        <line num="19" type="stmt" count="15"/>
        <line num="20" type="stmt" count="15"/>
        <line num="21" type="stmt" count="15"/>
        <line num="22" type="stmt" count="15"/>
        <metrics loc="25" ncloc="25" classes="1" methods="1" coveredmethods="1" conditionals="0" coveredconditionals="0" statements="11" coveredstatements="11" elements="12" coveredelements="12"/>
      </file>
    </package>
    <package name="App\Jobs">
      <file name="/home/candido/Projects/15SOAT-Fase1/app/Jobs/SendFineNotificationJob.php">
        <class name="App\Jobs\SendFineNotificationJob" namespace="App\Jobs">
          <metrics complexity="1" methods="1" coveredmethods="1" conditionals="0" coveredconditionals="0" statements="7" coveredstatements="7" elements="8" coveredelements="8"/>
        </class>
        <line num="18" type="method" name="handle" visibility="public" complexity="1" crap="1" count="2"/>
        <line num="20" type="stmt" count="2"/>
        <line num="21" type="stmt" count="2"/>
        <line num="22" type="stmt" count="2"/>
        <line num="23" type="stmt" count="2"/>
        <line num="24" type="stmt" count="2"/>
        <line num="25" type="stmt" count="2"/>
        <line num="26" type="stmt" count="2"/>
        <metrics loc="29" ncloc="29" classes="1" methods="1" coveredmethods="1" conditionals="0" coveredconditionals="0" statements="7" coveredstatements="7" elements="8" coveredelements="8"/>
      </file>
    </package>
    <package name="App\Models">
      <file name="/home/candido/Projects/15SOAT-Fase1/app/Models/Part.php">
        <class name="App\Models\Part" namespace="App\Models">
          <metrics complexity="3" methods="3" coveredmethods="2" conditionals="0" coveredconditionals="0" statements="9" coveredstatements="6" elements="12" coveredelements="8"/>
        </class>
        <line num="22" type="method" name="casts" visibility="protected" complexity="1" crap="1" count="20"/>
        <line num="24" type="stmt" count="20"/>
        <line num="25" type="stmt" count="20"/>
        <line num="26" type="stmt" count="20"/>
        <line num="27" type="stmt" count="20"/>
        <line num="28" type="stmt" count="20"/>
        <line num="31" type="method" name="hasStock" visibility="public" complexity="1" crap="1" count="5"/>
        <line num="33" type="stmt" count="5"/>
        <line num="36" type="method" name="serviceOrders" visibility="public" complexity="1" crap="2" count="0"/>
        <line num="38" type="stmt" count="0"/>
        <line num="39" type="stmt" count="0"/>
        <line num="40" type="stmt" count="0"/>
        <metrics loc="43" ncloc="43" classes="1" methods="3" coveredmethods="2" conditionals="0" coveredconditionals="0" statements="9" coveredstatements="6" elements="12" coveredelements="8"/>
      </file>
      <file name="/home/candido/Projects/15SOAT-Fase1/app/Models/Service.php">
        <class name="App\Models\Service" namespace="App\Models">
          <metrics complexity="2" methods="2" coveredmethods="1" conditionals="0" coveredconditionals="0" statements="8" coveredstatements="5" elements="10" coveredelements="6"/>
        </class>
        <line num="21" type="method" name="casts" visibility="protected" complexity="1" crap="1" count="16"/>
        <line num="23" type="stmt" count="16"/>
        <line num="24" type="stmt" count="16"/>
        <line num="25" type="stmt" count="16"/>
        <line num="26" type="stmt" count="16"/>
        <line num="27" type="stmt" count="16"/>
        <line num="30" type="method" name="serviceOrders" visibility="public" complexity="1" crap="2" count="0"/>
        <line num="32" type="stmt" count="0"/>
        <line num="33" type="stmt" count="0"/>
        <line num="34" type="stmt" count="0"/>
        <metrics loc="37" ncloc="37" classes="1" methods="2" coveredmethods="1" conditionals="0" coveredconditionals="0" statements="8" coveredstatements="5" elements="10" coveredelements="6"/>
      </file>
      <file name="/home/candido/Projects/15SOAT-Fase1/app/Models/ServiceOrder.php">
        <class name="App\Models\ServiceOrder" namespace="App\Models">
          <metrics complexity="17" methods="14" coveredmethods="13" conditionals="0" coveredconditionals="0" statements="38" coveredstatements="37" elements="52" coveredelements="50"/>
        </class>
        <line num="29" type="method" name="casts" visibility="protected" complexity="1" crap="1" count="31"/>
        <line num="31" type="stmt" count="31"/>
        <line num="32" type="stmt" count="31"/>
        <line num="33" type="stmt" count="31"/>
        <line num="34" type="stmt" count="31"/>
        <line num="35" type="stmt" count="31"/>
        <line num="36" type="stmt" count="31"/>
        <line num="37" type="stmt" count="31"/>
        <line num="38" type="stmt" count="31"/>
        <line num="41" type="method" name="booted" visibility="protected" complexity="2" crap="2" count="31"/>
        <line num="43" type="stmt" count="31"/>
        <line num="44" type="stmt" count="25"/>
        <line num="45" type="stmt" count="25"/>
        <line num="47" type="stmt" count="31"/>
        <line num="50" type="method" name="generateNumber" visibility="public" complexity="1" crap="1" count="26"/>
        <line num="52" type="stmt" count="26"/>
        <line num="53" type="stmt" count="26"/>
        <line num="54" type="stmt" count="26"/>
        <line num="57" type="method" name="client" visibility="public" complexity="1" crap="1" count="16"/>
        <line num="59" type="stmt" count="16"/>
        <line num="62" type="method" name="vehicle" visibility="public" complexity="1" crap="1" count="17"/>
        <line num="64" type="stmt" count="17"/>
        <line num="67" type="method" name="orderServices" visibility="public" complexity="1" crap="1" count="2"/>
        <line num="69" type="stmt" count="2"/>
        <line num="72" type="method" name="orderParts" visibility="public" complexity="1" crap="1" count="3"/>
        <line num="74" type="stmt" count="3"/>
        <line num="77" type="method" name="services" visibility="public" complexity="1" crap="1" count="11"/>
        <line num="79" type="stmt" count="11"/>
        <line num="80" type="stmt" count="11"/>
        <line num="81" type="stmt" count="11"/>
        <line num="84" type="method" name="parts" visibility="public" complexity="1" crap="1" count="11"/>
        <line num="86" type="stmt" count="11"/>
        <line num="87" type="stmt" count="11"/>
        <line num="88" type="stmt" count="11"/>
        <line num="91" type="method" name="calculateTotal" visibility="public" complexity="1" crap="1" count="2"/>
        <line num="93" type="stmt" count="2"/>
        <line num="94" type="stmt" count="2"/>
        <line num="95" type="stmt" count="2"/>
        <line num="97" type="stmt" count="2"/>
        <line num="98" type="stmt" count="2"/>
        <line num="99" type="stmt" count="2"/>
        <line num="101" type="stmt" count="2"/>
        <line num="104" type="method" name="isPaid" visibility="public" complexity="1" crap="1" count="6"/>
        <line num="106" type="stmt" count="6"/>
        <line num="109" type="method" name="isFinalized" visibility="public" complexity="1" crap="1" count="1"/>
        <line num="111" type="stmt" count="1"/>
        <line num="114" type="method" name="isDeliverable" visibility="public" complexity="2" crap="2" count="3"/>
        <line num="116" type="stmt" count="3"/>
        <line num="119" type="method" name="hoursSinceFinalized" visibility="public" complexity="2" crap="2.15" count="1"/>
        <line num="121" type="stmt" count="1"/>
        <line num="122" type="stmt" count="1"/>
        <line num="125" type="stmt" count="0"/>
        <metrics loc="128" ncloc="128" classes="1" methods="14" coveredmethods="13" conditionals="0" coveredconditionals="0" statements="38" coveredstatements="37" elements="52" coveredelements="50"/>
      </file>
      <file name="/home/candido/Projects/15SOAT-Fase1/app/Models/ServiceOrderPart.php">
        <class name="App\Models\ServiceOrderPart" namespace="App\Models">
          <metrics complexity="4" methods="4" coveredmethods="2" conditionals="0" coveredconditionals="0" statements="7" coveredstatements="5" elements="11" coveredelements="7"/>
        </class>
        <line num="17" type="method" name="casts" visibility="protected" complexity="1" crap="1" count="5"/>
        <line num="19" type="stmt" count="5"/>
        <line num="20" type="stmt" count="5"/>
        <line num="21" type="stmt" count="5"/>
        <line num="22" type="stmt" count="5"/>
        <line num="25" type="method" name="serviceOrder" visibility="public" complexity="1" crap="2" count="0"/>
        <line num="27" type="stmt" count="0"/>
        <line num="30" type="method" name="part" visibility="public" complexity="1" crap="1" count="1"/>
        <line num="32" type="stmt" count="1"/>
        <line num="35" type="method" name="subtotal" visibility="public" complexity="1" crap="2" count="0"/>
        <line num="37" type="stmt" count="0"/>
        <metrics loc="40" ncloc="40" classes="1" methods="4" coveredmethods="2" conditionals="0" coveredconditionals="0" statements="7" coveredstatements="5" elements="11" coveredelements="7"/>
      </file>
      <file name="/home/candido/Projects/15SOAT-Fase1/app/Models/ServiceOrderService.php">
        <class name="App\Models\ServiceOrderService" namespace="App\Models">
          <metrics complexity="4" methods="4" coveredmethods="1" conditionals="0" coveredconditionals="0" statements="7" coveredstatements="4" elements="11" coveredelements="5"/>
        </class>
        <line num="17" type="method" name="casts" visibility="protected" complexity="1" crap="1" count="4"/>
        <line num="19" type="stmt" count="4"/>
        <line num="20" type="stmt" count="4"/>
        <line num="21" type="stmt" count="4"/>
        <line num="22" type="stmt" count="4"/>
        <line num="25" type="method" name="serviceOrder" visibility="public" complexity="1" crap="2" count="0"/>
        <line num="27" type="stmt" count="0"/>
        <line num="30" type="method" name="service" visibility="public" complexity="1" crap="2" count="0"/>
        <line num="32" type="stmt" count="0"/>
        <line num="35" type="method" name="subtotal" visibility="public" complexity="1" crap="2" count="0"/>
        <line num="37" type="stmt" count="0"/>
        <metrics loc="40" ncloc="40" classes="1" methods="4" coveredmethods="1" conditionals="0" coveredconditionals="0" statements="7" coveredstatements="4" elements="11" coveredelements="5"/>
      </file>
      <file name="/home/candido/Projects/15SOAT-Fase1/app/Models/User.php">
        <class name="App\Models\User" namespace="App\Models">
          <metrics complexity="8" methods="7" coveredmethods="3" conditionals="0" coveredconditionals="0" statements="15" coveredstatements="11" elements="22" coveredelements="14"/>
        </class>
        <line num="32" type="method" name="casts" visibility="protected" complexity="1" crap="1" count="54"/>
        <line num="34" type="stmt" count="54"/>
        <line num="35" type="stmt" count="54"/>
        <line num="36" type="stmt" count="54"/>
        <line num="37" type="stmt" count="54"/>
        <line num="38" type="stmt" count="54"/>
        <line num="41" type="method" name="isReceptionist" visibility="public" complexity="1" crap="2" count="0"/>
        <line num="43" type="stmt" count="0"/>
        <line num="46" type="method" name="isMechanic" visibility="public" complexity="1" crap="2" count="0"/>
        <line num="48" type="stmt" count="0"/>
        <line num="51" type="method" name="isClient" visibility="public" complexity="1" crap="1" count="6"/>
        <line num="53" type="stmt" count="6"/>
        <line num="56" type="method" name="hasRole" visibility="public" complexity="2" crap="2" count="38"/>
        <line num="58" type="stmt" count="38"/>
        <line num="59" type="stmt" count="38"/>
        <line num="60" type="stmt" count="38"/>
        <line num="61" type="stmt" count="38"/>
        <line num="63" type="stmt" count="38"/>
        <line num="66" type="method" name="vehicles" visibility="public" complexity="1" crap="2" count="0"/>
        <line num="68" type="stmt" count="0"/>
        <line num="71" type="method" name="serviceOrders" visibility="public" complexity="1" crap="2" count="0"/>
        <line num="73" type="stmt" count="0"/>
        <metrics loc="76" ncloc="75" classes="1" methods="7" coveredmethods="3" conditionals="0" coveredconditionals="0" statements="15" coveredstatements="11" elements="22" coveredelements="14"/>
      </file>
      <file name="/home/candido/Projects/15SOAT-Fase1/app/Models/Vehicle.php">
        <class name="App\Models\Vehicle" namespace="App\Models">
          <metrics complexity="3" methods="3" coveredmethods="2" conditionals="0" coveredconditionals="0" statements="5" coveredstatements="4" elements="8" coveredelements="6"/>
        </class>
        <line num="23" type="method" name="casts" visibility="protected" complexity="1" crap="1" count="31"/>
        <line num="25" type="stmt" count="31"/>
        <line num="26" type="stmt" count="31"/>
        <line num="27" type="stmt" count="31"/>
        <line num="30" type="method" name="client" visibility="public" complexity="1" crap="1" count="3"/>
        <line num="32" type="stmt" count="3"/>
        <line num="35" type="method" name="serviceOrders" visibility="public" complexity="1" crap="2" count="0"/>
        <line num="37" type="stmt" count="0"/>
        <metrics loc="40" ncloc="40" classes="1" methods="3" coveredmethods="2" conditionals="0" coveredconditionals="0" statements="5" coveredstatements="4" elements="8" coveredelements="6"/>
      </file>
    </package>
    <package name="App\Providers">
      <file name="/home/candido/Projects/15SOAT-Fase1/app/Providers/AppServiceProvider.php">
        <class name="App\Providers\AppServiceProvider" namespace="App\Providers">
          <metrics complexity="2" methods="2" coveredmethods="2" conditionals="0" coveredconditionals="0" statements="3" coveredstatements="3" elements="5" coveredelements="5"/>
        </class>
        <line num="13" type="method" name="register" visibility="public" complexity="1" crap="1" count="61"/>
        <line num="15" type="stmt" count="61"/>
        <line num="16" type="stmt" count="61"/>
        <line num="19" type="method" name="boot" visibility="public" complexity="1" crap="1" count="61"/>
        <line num="22" type="stmt" count="61"/>
        <metrics loc="24" ncloc="23" classes="1" methods="2" coveredmethods="2" conditionals="0" coveredconditionals="0" statements="3" coveredstatements="3" elements="5" coveredelements="5"/>
      </file>
    </package>
    <package name="App\Services">
      <file name="/home/candido/Projects/15SOAT-Fase1/app/Services/StubMessagingService.php">
        <class name="App\Services\StubMessagingService" namespace="App\Services">
          <metrics complexity="5" methods="5" coveredmethods="0" conditionals="0" coveredconditionals="0" statements="23" coveredstatements="0" elements="28" coveredelements="0"/>
        </class>
        <line num="11" type="method" name="send" visibility="public" complexity="1" crap="2" count="0"/>
        <line num="14" type="stmt" count="0"/>
        <line num="15" type="stmt" count="0"/>
        <line num="16" type="stmt" count="0"/>
        <line num="17" type="stmt" count="0"/>
        <line num="18" type="stmt" count="0"/>
        <line num="21" type="method" name="notifyOrderCreated" visibility="public" complexity="1" crap="2" count="0"/>
        <line num="23" type="stmt" count="0"/>
        <line num="24" type="stmt" count="0"/>
        <line num="25" type="stmt" count="0"/>
        <line num="26" type="stmt" count="0"/>
        <line num="28" type="stmt" count="0"/>
        <line num="31" type="method" name="notifyBudgetReady" visibility="public" complexity="1" crap="2" count="0"/>
        <line num="33" type="stmt" count="0"/>
        <line num="34" type="stmt" count="0"/>
        <line num="35" type="stmt" count="0"/>
        <line num="37" type="stmt" count="0"/>
        <line num="40" type="method" name="notifyPickupReady" visibility="public" complexity="1" crap="2" count="0"/>
        <line num="42" type="stmt" count="0"/>
        <line num="43" type="stmt" count="0"/>
        <line num="44" type="stmt" count="0"/>
        <line num="46" type="stmt" count="0"/>
        <line num="49" type="method" name="notifyPickupOverdue" visibility="public" complexity="1" crap="2" count="0"/>
        <line num="51" type="stmt" count="0"/>
        <line num="52" type="stmt" count="0"/>
        <line num="53" type="stmt" count="0"/>
        <line num="54" type="stmt" count="0"/>
        <line num="56" type="stmt" count="0"/>
        <metrics loc="59" ncloc="58" classes="1" methods="5" coveredmethods="0" conditionals="0" coveredconditionals="0" statements="23" coveredstatements="0" elements="28" coveredelements="0"/>
      </file>
      <file name="/home/candido/Projects/15SOAT-Fase1/app/Services/StubPaymentService.php">
        <class name="App\Services\StubPaymentService" namespace="App\Services">
          <metrics complexity="1" methods="1" coveredmethods="1" conditionals="0" coveredconditionals="0" statements="5" coveredstatements="5" elements="6" coveredelements="6"/>
        </class>
        <line num="11" type="method" name="processPayment" visibility="public" complexity="1" crap="1" count="2"/>
        <line num="14" type="stmt" count="2"/>
        <line num="15" type="stmt" count="2"/>
        <line num="16" type="stmt" count="2"/>
        <line num="17" type="stmt" count="2"/>
        <line num="18" type="stmt" count="2"/>
        <metrics loc="21" ncloc="20" classes="1" methods="1" coveredmethods="1" conditionals="0" coveredconditionals="0" statements="5" coveredstatements="5" elements="6" coveredelements="6"/>
      </file>
    </package>
    <metrics files="41" loc="2320" ncloc="2304" classes="37" methods="116" coveredmethods="80" conditionals="0" coveredconditionals="0" statements="533" coveredstatements="451" elements="649" coveredelements="531"/>
  </project>
</coverage>
