<?xml version="1.0" encoding="UTF-8"?>
<coverage generated="1783941064">
  <project timestamp="1783941064" name="Clover Coverage">
    <file name="/home/candido/Projects/15SOAT-Fase1/app/Application/Ports/ServiceOrderRepository.php">
      <metrics loc="17" ncloc="17" classes="0" methods="0" coveredmethods="0" conditionals="0" coveredconditionals="0" statements="0" coveredstatements="0" elements="0" coveredelements="0"/>
    </file>
    <package name="App\Application\ServiceOrder">
      <file name="/home/candido/Projects/15SOAT-Fase1/app/Application/ServiceOrder/ApproveBudget.php">
        <class name="App\Application\ServiceOrder\ApproveBudget" namespace="App\Application\ServiceOrder">
          <metrics complexity="6" methods="2" coveredmethods="1" conditionals="0" coveredconditionals="0" statements="16" coveredstatements="13" elements="18" coveredelements="14"/>
        </class>
        <line num="14" type="method" name="__construct" visibility="public" complexity="1" crap="1" count="17"/>
        <line num="16" type="method" name="execute" visibility="public" complexity="5" crap="5.20" count="11"/>
        <line num="18" type="stmt" count="11"/>
        <line num="20" type="stmt" count="11"/>
        <line num="21" type="stmt" count="2"/>
        <line num="24" type="stmt" count="9"/>
        <line num="25" type="stmt" count="6"/>
        <line num="26" type="stmt" count="2"/>
        <line num="27" type="stmt" count="2"/>
        <line num="28" type="stmt" count="2"/>
        <line num="30" type="stmt" count="4"/>
        <line num="32" type="stmt" count="3"/>
        <line num="33" type="stmt" count="0"/>
        <line num="34" type="stmt" count="0"/>
        <line num="35" type="stmt" count="0"/>
        <line num="37" type="stmt" count="3"/>
        <line num="40" type="stmt" count="7"/>
        <metrics loc="43" ncloc="43" classes="1" methods="2" coveredmethods="1" conditionals="0" coveredconditionals="0" statements="16" coveredstatements="13" elements="18" coveredelements="14"/>
      </file>
      <file name="/home/candido/Projects/15SOAT-Fase1/app/Application/ServiceOrder/GetServiceOrderStatus.php">
        <class name="App\Application\ServiceOrder\GetServiceOrderStatus" namespace="App\Application\ServiceOrder">
          <metrics complexity="3" methods="2" coveredmethods="2" conditionals="0" coveredconditionals="0" statements="5" coveredstatements="5" elements="7" coveredelements="7"/>
        </class>
        <line num="11" type="method" name="__construct" visibility="public" complexity="1" crap="1" count="29"/>
        <line num="13" type="method" name="execute" visibility="public" complexity="2" crap="2" count="5"/>
        <line num="15" type="stmt" count="5"/>
        <line num="17" type="stmt" count="5"/>
        <line num="18" type="stmt" count="2"/>
        <line num="21" type="stmt" count="3"/>
        <metrics loc="24" ncloc="24" classes="1" methods="2" coveredmethods="2" conditionals="0" coveredconditionals="0" statements="5" coveredstatements="5" elements="7" coveredelements="7"/>
      </file>
      <file name="/home/candido/Projects/15SOAT-Fase1/app/Application/ServiceOrder/ListServiceOrders.php">
        <class name="App\Application\ServiceOrder\ListServiceOrders" namespace="App\Application\ServiceOrder">
          <metrics complexity="4" methods="3" coveredmethods="3" conditionals="0" coveredconditionals="0" statements="6" coveredstatements="6" elements="9" coveredelements="9"/>
        </class>
        <line num="23" type="method" name="excludedStatuses" visibility="public" complexity="1" crap="1" count="5"/>
        <line num="25" type="stmt" count="5"/>
        <line num="35" type="method" name="sort" visibility="public" complexity="2" crap="2" count="7"/>
        <line num="37" type="stmt" count="7"/>
        <line num="38" type="stmt" count="7"/>
        <line num="39" type="stmt" count="7"/>
        <line num="40" type="stmt" count="7"/>
        <line num="43" type="method" name="rank" visibility="private" complexity="1" crap="1" count="5"/>
        <line num="45" type="stmt" count="5"/>
        <metrics loc="48" ncloc="36" classes="1" methods="3" coveredmethods="3" conditionals="0" coveredconditionals="0" statements="6" coveredstatements="6" elements="9" coveredelements="9"/>
      </file>
      <file name="/home/candido/Projects/15SOAT-Fase1/app/Application/ServiceOrder/OpenServiceOrder.php">
        <class name="App\Application\ServiceOrder\OpenServiceOrder" namespace="App\Application\ServiceOrder">
          <metrics complexity="8" methods="4" coveredmethods="3" conditionals="0" coveredconditionals="0" statements="35" coveredstatements="33" elements="39" coveredelements="36"/>
        </class>
        <line num="16" type="method" name="__construct" visibility="public" complexity="1" crap="1" count="30"/>
        <line num="19" type="stmt" count="30"/>
        <line num="21" type="method" name="execute" visibility="public" complexity="3" crap="3" count="5"/>
        <line num="23" type="stmt" count="5"/>
        <line num="24" type="stmt" count="5"/>
        <line num="25" type="stmt" count="5"/>
        <line num="26" type="stmt" count="5"/>
        <line num="27" type="stmt" count="5"/>
        <line num="28" type="stmt" count="5"/>
        <line num="30" type="stmt" count="5"/>
        <line num="31" type="stmt" count="2"/>
        <line num="34" type="stmt" count="5"/>
        <line num="35" type="stmt" count="2"/>
        <line num="38" type="stmt" count="5"/>
        <line num="39" type="stmt" count="5"/>
        <line num="41" type="stmt" count="5"/>
        <line num="44" type="method" name="attachService" visibility="private" complexity="2" crap="2" count="2"/>
        <line num="46" type="stmt" count="2"/>
        <line num="48" type="stmt" count="2"/>
        <line num="49" type="stmt" count="2"/>
        <line num="50" type="stmt" count="2"/>
        <line num="51" type="stmt" count="2"/>
        <line num="52" type="stmt" count="2"/>
        <line num="53" type="stmt" count="2"/>
        <line num="55" type="stmt" count="2"/>
        <line num="56" type="stmt" count="2"/>
        <line num="60" type="method" name="attachItem" visibility="private" complexity="2" crap="2.02" count="3"/>
        <line num="62" type="stmt" count="3"/>
        <line num="63" type="stmt" count="3"/>
        <line num="64" type="stmt" count="3"/>
        <line num="66" type="stmt" count="3"/>
        <line num="67" type="stmt" count="0"/>
        <line num="69" type="stmt" count="0"/>
        <line num="72" type="stmt" count="3"/>
        <line num="73" type="stmt" count="3"/>
        <line num="74" type="stmt" count="3"/>
        <line num="75" type="stmt" count="3"/>
        <line num="76" type="stmt" count="3"/>
        <line num="77" type="stmt" count="3"/>
        <metrics loc="80" ncloc="80" classes="1" methods="4" coveredmethods="3" conditionals="0" coveredconditionals="0" statements="35" coveredstatements="33" elements="39" coveredelements="36"/>
      </file>
    </package>
    <file name="/home/candido/Projects/15SOAT-Fase1/app/Contracts/EmailStatusUpdateServiceInterface.php">
      <metrics loc="15" ncloc="11" classes="0" methods="0" coveredmethods="0" conditionals="0" coveredconditionals="0" statements="0" coveredstatements="0" elements="0" coveredelements="0"/>
    </file>
    <file name="/home/candido/Projects/15SOAT-Fase1/app/Contracts/MessagingServiceInterface.php">
      <metrics loc="24" ncloc="19" classes="0" methods="0" coveredmethods="0" conditionals="0" coveredconditionals="0" statements="0" coveredstatements="0" elements="0" coveredelements="0"/>
    </file>
    <file name="/home/candido/Projects/15SOAT-Fase1/app/Contracts/PaymentServiceInterface.php">
      <metrics loc="16" ncloc="11" classes="0" methods="0" coveredmethods="0" conditionals="0" coveredconditionals="0" statements="0" coveredstatements="0" elements="0" coveredelements="0"/>
    </file>
    <package name="App\Domain\ServiceOrder\Exceptions">
      <file name="/home/candido/Projects/15SOAT-Fase1/app/Domain/ServiceOrder/Exceptions/InvalidStatusTransitionException.php">
        <class name="App\Domain\ServiceOrder\Exceptions\InvalidStatusTransitionException" namespace="App\Domain\ServiceOrder\Exceptions">
          <metrics complexity="0" methods="0" coveredmethods="0" conditionals="0" coveredconditionals="0" statements="0" coveredstatements="0" elements="0" coveredelements="0"/>
        </class>
        <metrics loc="8" ncloc="8" classes="0" methods="0" coveredmethods="0" conditionals="0" coveredconditionals="0" statements="0" coveredstatements="0" elements="0" coveredelements="0"/>
      </file>
    </package>
    <package name="App\Domain\ServiceOrder">
      <file name="/home/candido/Projects/15SOAT-Fase1/app/Domain/ServiceOrder/ServiceOrderPolicy.php">
        <class name="App\Domain\ServiceOrder\ServiceOrderPolicy" namespace="App\Domain\ServiceOrder">
          <metrics complexity="7" methods="7" coveredmethods="7" conditionals="0" coveredconditionals="0" statements="7" coveredstatements="7" elements="14" coveredelements="14"/>
        </class>
        <line num="7" type="method" name="canModifyItems" visibility="public" complexity="1" crap="1" count="7"/>
        <line num="9" type="stmt" count="7"/>
        <line num="12" type="method" name="canGenerateBudget" visibility="public" complexity="1" crap="1" count="3"/>
        <line num="14" type="stmt" count="3"/>
        <line num="17" type="method" name="canApprove" visibility="public" complexity="1" crap="1" count="8"/>
        <line num="19" type="stmt" count="8"/>
        <line num="22" type="method" name="canCancel" visibility="public" complexity="1" crap="1" count="5"/>
        <line num="24" type="stmt" count="5"/>
        <line num="27" type="method" name="canStartExecution" visibility="public" complexity="1" crap="1" count="2"/>
        <line num="29" type="stmt" count="2"/>
        <line num="32" type="method" name="canFinalize" visibility="public" complexity="1" crap="1" count="2"/>
        <line num="34" type="stmt" count="2"/>
        <line num="37" type="method" name="canPay" visibility="public" complexity="1" crap="1" count="2"/>
        <line num="39" type="stmt" count="2"/>
        <metrics loc="42" ncloc="42" classes="1" methods="7" coveredmethods="7" conditionals="0" coveredconditionals="0" statements="7" coveredstatements="7" elements="14" coveredelements="14"/>
      </file>
      <file name="/home/candido/Projects/15SOAT-Fase1/app/Domain/ServiceOrder/ServiceOrderStatus.php">
        <class name="App\Domain\ServiceOrder\ServiceOrderStatus" namespace="App\Domain\ServiceOrder">
          <metrics complexity="18" methods="3" coveredmethods="3" conditionals="0" coveredconditionals="0" statements="20" coveredstatements="20" elements="23" coveredelements="23"/>
        </class>
        <line num="16" type="method" name="label" visibility="public" complexity="9" crap="9" count="25"/>
        <line num="18" type="stmt" count="25"/>
        <line num="19" type="stmt" count="25"/>
        <line num="20" type="stmt" count="14"/>
        <line num="21" type="stmt" count="13"/>
        <line num="22" type="stmt" count="12"/>
        <line num="23" type="stmt" count="10"/>
        <line num="24" type="stmt" count="8"/>
        <line num="25" type="stmt" count="5"/>
        <line num="26" type="stmt" count="25"/>
        <line num="27" type="stmt" count="25"/>
        <line num="30" type="method" name="allowedTransitions" visibility="public" complexity="8" crap="8" count="7"/>
        <line num="32" type="stmt" count="7"/>
        <line num="33" type="stmt" count="7"/>
        <line num="34" type="stmt" count="5"/>
        <line num="35" type="stmt" count="4"/>
        <line num="36" type="stmt" count="3"/>
        <line num="37" type="stmt" count="3"/>
        <line num="38" type="stmt" count="3"/>
        <line num="39" type="stmt" count="7"/>
        <line num="40" type="stmt" count="7"/>
        <line num="43" type="method" name="canTransitionTo" visibility="public" complexity="1" crap="1" count="5"/>
        <line num="45" type="stmt" count="5"/>
        <metrics loc="48" ncloc="48" classes="1" methods="3" coveredmethods="3" conditionals="0" coveredconditionals="0" statements="20" coveredstatements="20" elements="23" coveredelements="23"/>
      </file>
    </package>
    <package name="App\Enums">
      <file name="/home/candido/Projects/15SOAT-Fase1/app/Enums/ItemType.php">
        <class name="App\Enums\ItemType" namespace="App\Enums">
          <metrics complexity="3" methods="1" coveredmethods="1" conditionals="0" coveredconditionals="0" statements="4" coveredstatements="4" elements="5" coveredelements="5"/>
        </class>
        <line num="10" type="method" name="label" visibility="public" complexity="3" crap="3" count="12"/>
        <line num="12" type="stmt" count="12"/>
        <line num="13" type="stmt" count="12"/>
        <line num="14" type="stmt" count="12"/>
        <line num="15" type="stmt" count="12"/>
        <metrics loc="18" ncloc="18" classes="1" methods="1" coveredmethods="1" conditionals="0" coveredconditionals="0" statements="4" coveredstatements="4" elements="5" coveredelements="5"/>
      </file>
      <file name="/home/candido/Projects/15SOAT-Fase1/app/Enums/UserRole.php">
        <class name="App\Enums\UserRole" namespace="App\Enums">
          <metrics complexity="4" methods="1" coveredmethods="1" conditionals="0" coveredconditionals="0" statements="5" coveredstatements="5" elements="6" coveredelements="6"/>
        </class>
        <line num="11" type="method" name="label" visibility="public" complexity="4" crap="4" count="32"/>
        <line num="13" type="stmt" count="32"/>
        <line num="14" type="stmt" count="32"/>
        <line num="15" type="stmt" count="31"/>
        <line num="16" type="stmt" count="32"/>
        <line num="17" type="stmt" count="32"/>
        <metrics loc="20" ncloc="20" classes="1" methods="1" coveredmethods="1" conditionals="0" coveredconditionals="0" statements="5" coveredstatements="5" elements="6" coveredelements="6"/>
      </file>
    </package>
    <package name="App\Http\Controllers\Api\V1">
      <file name="/home/candido/Projects/15SOAT-Fase1/app/Http/Controllers/Api/V1/AuthController.php">
        <class name="App\Http\Controllers\Api\V1\AuthController" namespace="App\Http\Controllers\Api\V1">
          <metrics complexity="4" methods="3" coveredmethods="3" conditionals="0" coveredconditionals="0" statements="16" coveredstatements="16" elements="19" coveredelements="19"/>
        </class>
        <line num="15" type="method" name="login" visibility="public" complexity="2" crap="2" count="2"/>
        <line num="36" type="stmt" count="2"/>
        <line num="37" type="stmt" count="2"/>
        <line num="38" type="stmt" count="2"/>
        <line num="39" type="stmt" count="2"/>
        <line num="41" type="stmt" count="2"/>
        <line num="42" type="stmt" count="1"/>
        <line num="46" type="stmt" count="1"/>
        <line num="47" type="stmt" count="1"/>
        <line num="49" type="stmt" count="1"/>
        <line num="50" type="stmt" count="1"/>
        <line num="51" type="stmt" count="1"/>
        <line num="52" type="stmt" count="1"/>
        <line num="53" type="stmt" count="1"/>
        <line num="56" type="method" name="logout" visibility="public" complexity="1" crap="1" count="1"/>
        <line num="68" type="stmt" count="1"/>
        <line num="70" type="stmt" count="1"/>
        <line num="73" type="method" name="me" visibility="public" complexity="1" crap="1" count="1"/>
        <line num="85" type="stmt" count="1"/>
        <metrics loc="88" ncloc="87" classes="1" methods="3" coveredmethods="3" conditionals="0" coveredconditionals="0" statements="16" coveredstatements="16" elements="19" coveredelements="19"/>
      </file>
      <file name="/home/candido/Projects/15SOAT-Fase1/app/Http/Controllers/Api/V1/ClientController.php">
        <class name="App\Http\Controllers\Api\V1\ClientController" namespace="App\Http\Controllers\Api\V1">
          <metrics complexity="7" methods="5" coveredmethods="3" conditionals="0" coveredconditionals="0" statements="19" coveredstatements="16" elements="24" coveredelements="19"/>
        </class>
        <line num="18" type="method" name="index" visibility="public" complexity="3" crap="3.04" count="2"/>
        <line num="34" type="stmt" count="2"/>
        <line num="36" type="stmt" count="2"/>
        <line num="37" type="stmt" count="1"/>
        <line num="40" type="stmt" count="2"/>
        <line num="41" type="stmt" count="0"/>
        <line num="44" type="stmt" count="2"/>
        <line num="47" type="method" name="store" visibility="public" complexity="1" crap="1" count="1"/>
        <line num="72" type="stmt" count="1"/>
        <line num="73" type="stmt" count="1"/>
        <line num="74" type="stmt" count="1"/>
        <line num="75" type="stmt" count="1"/>
        <line num="77" type="stmt" count="1"/>
        <line num="80" type="method" name="show" visibility="public" complexity="1" crap="2" count="0"/>
        <line num="95" type="stmt" count="0"/>
        <line num="97" type="stmt" count="0"/>
        <line num="100" type="method" name="update" visibility="public" complexity="1" crap="1" count="1"/>
        <line num="126" type="stmt" count="1"/>
        <line num="127" type="stmt" count="1"/>
        <line num="129" type="stmt" count="1"/>
        <line num="132" type="method" name="destroy" visibility="public" complexity="1" crap="1" count="1"/>
        <line num="147" type="stmt" count="1"/>
        <line num="148" type="stmt" count="1"/>
        <line num="150" type="stmt" count="1"/>
        <metrics loc="153" ncloc="153" classes="1" methods="5" coveredmethods="3" conditionals="0" coveredconditionals="0" statements="19" coveredstatements="16" elements="24" coveredelements="19"/>
      </file>
      <file name="/home/candido/Projects/15SOAT-Fase1/app/Http/Controllers/Api/V1/Controller.php">
        <class name="App\Http\Controllers\Api\V1\Controller" namespace="App\Http\Controllers\Api\V1">
          <metrics complexity="0" methods="0" coveredmethods="0" conditionals="0" coveredconditionals="0" statements="0" coveredstatements="0" elements="0" coveredelements="0"/>
        </class>
        <metrics loc="22" ncloc="22" classes="0" methods="0" coveredmethods="0" conditionals="0" coveredconditionals="0" statements="0" coveredstatements="0" elements="0" coveredelements="0"/>
      </file>
      <file name="/home/candido/Projects/15SOAT-Fase1/app/Http/Controllers/Api/V1/ItemController.php">
        <class name="App\Http\Controllers\Api\V1\ItemController" namespace="App\Http\Controllers\Api\V1">
          <metrics complexity="8" methods="5" coveredmethods="3" conditionals="0" coveredconditionals="0" statements="16" coveredstatements="14" elements="21" coveredelements="17"/>
        </class>
        <line num="17" type="method" name="index" visibility="public" complexity="4" crap="4.03" count="3"/>
        <line num="31" type="stmt" count="3"/>
        <line num="33" type="stmt" count="3"/>
        <line num="34" type="stmt" count="0"/>
        <line num="37" type="stmt" count="3"/>
        <line num="38" type="stmt" count="1"/>
        <line num="41" type="stmt" count="3"/>
        <line num="42" type="stmt" count="1"/>
        <line num="45" type="stmt" count="3"/>
        <line num="48" type="method" name="store" visibility="public" complexity="1" crap="1" count="2"/>
        <line num="75" type="stmt" count="2"/>
        <line num="77" type="stmt" count="2"/>
        <line num="80" type="method" name="show" visibility="public" complexity="1" crap="2" count="0"/>
        <line num="95" type="stmt" count="0"/>
        <line num="98" type="method" name="update" visibility="public" complexity="1" crap="1" count="2"/>
        <line num="125" type="stmt" count="2"/>
        <line num="126" type="stmt" count="2"/>
        <line num="128" type="stmt" count="2"/>
        <line num="131" type="method" name="destroy" visibility="public" complexity="1" crap="1" count="1"/>
        <line num="146" type="stmt" count="1"/>
        <line num="148" type="stmt" count="1"/>
        <metrics loc="151" ncloc="151" classes="1" methods="5" coveredmethods="3" conditionals="0" coveredconditionals="0" statements="16" coveredstatements="14" elements="21" coveredelements="17"/>
      </file>
      <file name="/home/candido/Projects/15SOAT-Fase1/app/Http/Controllers/Api/V1/ServiceController.php">
        <class name="App\Http\Controllers\Api\V1\ServiceController" namespace="App\Http\Controllers\Api\V1">
          <metrics complexity="10" methods="5" coveredmethods="5" conditionals="0" coveredconditionals="0" statements="27" coveredstatements="27" elements="32" coveredelements="32"/>
        </class>
        <line num="18" type="method" name="index" visibility="public" complexity="2" crap="2" count="2"/>
        <line num="30" type="stmt" count="2"/>
        <line num="32" type="stmt" count="2"/>
        <line num="33" type="stmt" count="1"/>
        <line num="36" type="stmt" count="2"/>
        <line num="39" type="method" name="store" visibility="public" complexity="3" crap="3" count="2"/>
        <line num="74" type="stmt" count="2"/>
        <line num="76" type="stmt" count="2"/>
        <line num="77" type="stmt" count="1"/>
        <line num="78" type="stmt" count="1"/>
        <line num="79" type="stmt" count="1"/>
        <line num="80" type="stmt" count="1"/>
        <line num="81" type="stmt" count="1"/>
        <line num="82" type="stmt" count="1"/>
        <line num="86" type="stmt" count="2"/>
        <line num="89" type="method" name="show" visibility="public" complexity="1" crap="1" count="1"/>
        <line num="104" type="stmt" count="1"/>
        <line num="107" type="method" name="update" visibility="public" complexity="3" crap="3" count="2"/>
        <line num="143" type="stmt" count="2"/>
        <line num="144" type="stmt" count="2"/>
        <line num="146" type="stmt" count="2"/>
        <line num="147" type="stmt" count="1"/>
        <line num="148" type="stmt" count="1"/>
        <line num="149" type="stmt" count="1"/>
        <line num="150" type="stmt" count="1"/>
        <line num="151" type="stmt" count="1"/>
        <line num="152" type="stmt" count="1"/>
        <line num="153" type="stmt" count="1"/>
        <line num="157" type="stmt" count="2"/>
        <line num="160" type="method" name="destroy" visibility="public" complexity="1" crap="1" count="1"/>
        <line num="175" type="stmt" count="1"/>
        <line num="177" type="stmt" count="1"/>
        <metrics loc="180" ncloc="180" classes="1" methods="5" coveredmethods="5" conditionals="0" coveredconditionals="0" statements="27" coveredstatements="27" elements="32" coveredelements="32"/>
      </file>
      <file name="/home/candido/Projects/15SOAT-Fase1/app/Http/Controllers/Api/V1/ServiceOrderController.php">
        <class name="App\Http\Controllers\Api\V1\ServiceOrderController" namespace="App\Http\Controllers\Api\V1">
          <metrics complexity="45" methods="16" coveredmethods="5" conditionals="0" coveredconditionals="0" statements="174" coveredstatements="146" elements="190" coveredelements="151"/>
        </class>
        <line num="30" type="method" name="__construct" visibility="public" complexity="1" crap="1" count="27"/>
        <line num="35" type="stmt" count="27"/>
        <line num="37" type="method" name="index" visibility="public" complexity="5" crap="5" count="5"/>
        <line num="53" type="stmt" count="5"/>
        <line num="54" type="stmt" count="5"/>
        <line num="56" type="stmt" count="5"/>
        <line num="57" type="stmt" count="1"/>
        <line num="60" type="stmt" count="5"/>
        <line num="61" type="stmt" count="1"/>
        <line num="63" type="stmt" count="4"/>
        <line num="66" type="stmt" count="5"/>
        <line num="67" type="stmt" count="0"/>
        <line num="70" type="stmt" count="5"/>
        <line num="72" type="stmt" count="5"/>
        <line num="73" type="stmt" count="5"/>
        <line num="74" type="stmt" count="5"/>
        <line num="75" type="stmt" count="5"/>
        <line num="76" type="stmt" count="5"/>
        <line num="77" type="stmt" count="5"/>
        <line num="78" type="stmt" count="5"/>
        <line num="79" type="stmt" count="5"/>
        <line num="80" type="stmt" count="5"/>
        <line num="82" type="stmt" count="5"/>
        <line num="85" type="method" name="store" visibility="public" complexity="1" crap="1" count="2"/>
        <line num="128" type="stmt" count="2"/>
        <line num="130" type="stmt" count="2"/>
        <line num="131" type="stmt" count="2"/>
        <line num="132" type="stmt" count="2"/>
        <line num="133" type="stmt" count="2"/>
        <line num="136" type="method" name="show" visibility="public" complexity="3" crap="3.14" count="1"/>
        <line num="151" type="stmt" count="1"/>
        <line num="153" type="stmt" count="1"/>
        <line num="154" type="stmt" count="0"/>
        <line num="157" type="stmt" count="1"/>
        <line num="160" type="method" name="status" visibility="public" complexity="3" crap="3" count="3"/>
        <line num="176" type="stmt" count="3"/>
        <line num="178" type="stmt" count="2"/>
        <line num="179" type="stmt" count="1"/>
        <line num="182" type="stmt" count="1"/>
        <line num="183" type="stmt" count="1"/>
        <line num="184" type="stmt" count="1"/>
        <line num="185" type="stmt" count="1"/>
        <line num="186" type="stmt" count="1"/>
        <line num="187" type="stmt" count="1"/>
        <line num="190" type="method" name="addService" visibility="public" complexity="4" crap="4" count="3"/>
        <line num="215" type="stmt" count="3"/>
        <line num="217" type="stmt" count="3"/>
        <line num="218" type="stmt" count="0"/>
        <line num="221" type="stmt" count="3"/>
        <line num="222" type="stmt" count="3"/>
        <line num="224" type="stmt" count="3"/>
        <line num="225" type="stmt" count="3"/>
        <line num="226" type="stmt" count="3"/>
        <line num="227" type="stmt" count="3"/>
        <line num="228" type="stmt" count="3"/>
        <line num="229" type="stmt" count="3"/>
        <line num="231" type="stmt" count="3"/>
        <line num="232" type="stmt" count="2"/>
        <line num="233" type="stmt" count="2"/>
        <line num="234" type="stmt" count="2"/>
        <line num="236" type="stmt" count="2"/>
        <line num="237" type="stmt" count="1"/>
        <line num="239" type="stmt" count="2"/>
        <line num="240" type="stmt" count="2"/>
        <line num="241" type="stmt" count="2"/>
        <line num="242" type="stmt" count="2"/>
        <line num="243" type="stmt" count="2"/>
        <line num="244" type="stmt" count="2"/>
        <line num="248" type="stmt" count="3"/>
        <line num="249" type="stmt" count="3"/>
        <line num="250" type="stmt" count="3"/>
        <line num="251" type="stmt" count="3"/>
        <line num="254" type="method" name="addItem" visibility="public" complexity="3" crap="3" count="2"/>
        <line num="279" type="stmt" count="2"/>
        <line num="281" type="stmt" count="2"/>
        <line num="282" type="stmt" count="1"/>
        <line num="285" type="stmt" count="1"/>
        <line num="286" type="stmt" count="1"/>
        <line num="288" type="stmt" count="1"/>
        <line num="289" type="stmt" count="1"/>
        <line num="290" type="stmt" count="1"/>
        <line num="292" type="stmt" count="1"/>
        <line num="293" type="stmt" count="0"/>
        <line num="295" type="stmt" count="1"/>
        <line num="296" type="stmt" count="1"/>
        <line num="297" type="stmt" count="1"/>
        <line num="298" type="stmt" count="1"/>
        <line num="299" type="stmt" count="1"/>
        <line num="300" type="stmt" count="1"/>
        <line num="303" type="stmt" count="1"/>
        <line num="304" type="stmt" count="1"/>
        <line num="305" type="stmt" count="1"/>
        <line num="306" type="stmt" count="1"/>
        <line num="309" type="method" name="removeItem" visibility="public" complexity="2" crap="2.00" count="1"/>
        <line num="326" type="stmt" count="1"/>
        <line num="328" type="stmt" count="1"/>
        <line num="329" type="stmt" count="0"/>
        <line num="332" type="stmt" count="1"/>
        <line num="333" type="stmt" count="1"/>
        <line num="334" type="stmt" count="1"/>
        <line num="336" type="stmt" count="1"/>
        <line num="338" type="stmt" count="1"/>
        <line num="339" type="stmt" count="1"/>
        <line num="340" type="stmt" count="1"/>
        <line num="343" type="method" name="generateBudget" visibility="public" complexity="2" crap="2" count="2"/>
        <line num="358" type="stmt" count="2"/>
        <line num="360" type="stmt" count="2"/>
        <line num="361" type="stmt" count="1"/>
        <line num="364" type="stmt" count="1"/>
        <line num="366" type="stmt" count="1"/>
        <line num="367" type="stmt" count="1"/>
        <line num="368" type="stmt" count="1"/>
        <line num="369" type="stmt" count="1"/>
        <line num="370" type="stmt" count="1"/>
        <line num="372" type="stmt" count="1"/>
        <line num="373" type="stmt" count="1"/>
        <line num="375" type="stmt" count="1"/>
        <line num="378" type="method" name="approve" visibility="public" complexity="4" crap="4.05" count="2"/>
        <line num="393" type="stmt" count="2"/>
        <line num="395" type="stmt" count="2"/>
        <line num="396" type="stmt" count="1"/>
        <line num="399" type="stmt" count="1"/>
        <line num="400" type="stmt" count="0"/>
        <line num="403" type="stmt" count="1"/>
        <line num="405" type="stmt" count="1"/>
        <line num="408" type="method" name="cancel" visibility="public" complexity="4" crap="4.37" count="1"/>
        <line num="423" type="stmt" count="1"/>
        <line num="425" type="stmt" count="1"/>
        <line num="426" type="stmt" count="0"/>
        <line num="429" type="stmt" count="1"/>
        <line num="430" type="stmt" count="0"/>
        <line num="433" type="stmt" count="1"/>
        <line num="435" type="stmt" count="1"/>
        <line num="438" type="method" name="startExecution" visibility="public" complexity="2" crap="2.03" count="1"/>
        <line num="453" type="stmt" count="1"/>
        <line num="455" type="stmt" count="1"/>
        <line num="456" type="stmt" count="0"/>
        <line num="459" type="stmt" count="1"/>
        <line num="461" type="stmt" count="1"/>
        <line num="464" type="method" name="finalize" visibility="public" complexity="2" crap="2.01" count="1"/>
        <line num="479" type="stmt" count="1"/>
        <line num="481" type="stmt" count="1"/>
        <line num="482" type="stmt" count="0"/>
        <line num="485" type="stmt" count="1"/>
        <line num="486" type="stmt" count="1"/>
        <line num="487" type="stmt" count="1"/>
        <line num="488" type="stmt" count="1"/>
        <line num="490" type="stmt" count="1"/>
        <line num="492" type="stmt" count="1"/>
        <line num="495" type="method" name="pay" visibility="public" complexity="6" crap="6.56" count="1"/>
        <line num="510" type="stmt" count="1"/>
        <line num="512" type="stmt" count="1"/>
        <line num="513" type="stmt" count="0"/>
        <line num="516" type="stmt" count="1"/>
        <line num="517" type="stmt" count="0"/>
        <line num="520" type="stmt" count="1"/>
        <line num="521" type="stmt" count="0"/>
        <line num="524" type="stmt" count="1"/>
        <line num="526" type="stmt" count="1"/>
        <line num="527" type="stmt" count="0"/>
        <line num="530" type="stmt" count="1"/>
        <line num="532" type="stmt" count="1"/>
        <line num="533" type="stmt" count="1"/>
        <line num="534" type="stmt" count="1"/>
        <line num="535" type="stmt" count="1"/>
        <line num="536" type="stmt" count="1"/>
        <line num="539" type="method" name="deliver" visibility="public" complexity="2" crap="2" count="2"/>
        <line num="554" type="stmt" count="2"/>
        <line num="556" type="stmt" count="2"/>
        <line num="557" type="stmt" count="1"/>
        <line num="560" type="stmt" count="1"/>
        <line num="561" type="stmt" count="1"/>
        <line num="562" type="stmt" count="1"/>
        <line num="563" type="stmt" count="1"/>
        <line num="565" type="stmt" count="1"/>
        <line num="568" type="method" name="stats" visibility="public" complexity="1" crap="2" count="0"/>
        <line num="577" type="stmt" count="0"/>
        <line num="578" type="stmt" count="0"/>
        <line num="579" type="stmt" count="0"/>
        <line num="580" type="stmt" count="0"/>
        <line num="581" type="stmt" count="0"/>
        <line num="582" type="stmt" count="0"/>
        <line num="583" type="stmt" count="0"/>
        <line num="584" type="stmt" count="0"/>
        <line num="586" type="stmt" count="0"/>
        <line num="587" type="stmt" count="0"/>
        <line num="588" type="stmt" count="0"/>
        <line num="589" type="stmt" count="0"/>
        <line num="590" type="stmt" count="0"/>
        <line num="591" type="stmt" count="0"/>
        <metrics loc="594" ncloc="594" classes="1" methods="16" coveredmethods="5" conditionals="0" coveredconditionals="0" statements="174" coveredstatements="146" elements="190" coveredelements="151"/>
      </file>
      <file name="/home/candido/Projects/15SOAT-Fase1/app/Http/Controllers/Api/V1/VehicleController.php">
        <class name="App\Http\Controllers\Api\V1\VehicleController" namespace="App\Http\Controllers\Api\V1">
          <metrics complexity="7" methods="5" coveredmethods="3" conditionals="0" coveredconditionals="0" statements="16" coveredstatements="12" elements="21" coveredelements="15"/>
        </class>
        <line num="17" type="method" name="index" visibility="public" complexity="3" crap="3.33" count="1"/>
        <line num="30" type="stmt" count="1"/>
        <line num="32" type="stmt" count="1"/>
        <line num="33" type="stmt" count="0"/>
        <line num="36" type="stmt" count="1"/>
        <line num="37" type="stmt" count="0"/>
        <line num="40" type="stmt" count="1"/>
        <line num="43" type="method" name="store" visibility="public" complexity="1" crap="1" count="1"/>
        <line num="69" type="stmt" count="1"/>
        <line num="71" type="stmt" count="1"/>
        <line num="74" type="method" name="show" visibility="public" complexity="1" crap="2" count="0"/>
        <line num="89" type="stmt" count="0"/>
        <line num="91" type="stmt" count="0"/>
        <line num="94" type="method" name="update" visibility="public" complexity="1" crap="1" count="1"/>
        <line num="121" type="stmt" count="1"/>
        <line num="122" type="stmt" count="1"/>
        <line num="124" type="stmt" count="1"/>
        <line num="127" type="method" name="destroy" visibility="public" complexity="1" crap="1" count="1"/>
        <line num="142" type="stmt" count="1"/>
        <line num="143" type="stmt" count="1"/>
        <line num="145" type="stmt" count="1"/>
        <metrics loc="148" ncloc="148" classes="1" methods="5" coveredmethods="3" conditionals="0" coveredconditionals="0" statements="16" coveredstatements="12" elements="21" coveredelements="15"/>
      </file>
      <file name="/home/candido/Projects/15SOAT-Fase1/app/Http/Controllers/Api/V1/WebhookController.php">
        <class name="App\Http\Controllers\Api\V1\WebhookController" namespace="App\Http\Controllers\Api\V1">
          <metrics complexity="7" methods="2" coveredmethods="1" conditionals="0" coveredconditionals="0" statements="38" coveredstatements="37" elements="40" coveredelements="38"/>
        </class>
        <line num="18" type="method" name="messaging" visibility="public" complexity="2" crap="2" count="8"/>
        <line num="60" type="stmt" count="8"/>
        <line num="61" type="stmt" count="5"/>
        <line num="64" type="stmt" count="3"/>
        <line num="65" type="stmt" count="3"/>
        <line num="66" type="stmt" count="3"/>
        <line num="67" type="stmt" count="3"/>
        <line num="68" type="stmt" count="3"/>
        <line num="69" type="stmt" count="3"/>
        <line num="70" type="stmt" count="3"/>
        <line num="71" type="stmt" count="3"/>
        <line num="72" type="stmt" count="3"/>
        <line num="73" type="stmt" count="3"/>
        <line num="74" type="stmt" count="3"/>
        <line num="75" type="stmt" count="3"/>
        <line num="76" type="stmt" count="3"/>
        <line num="77" type="stmt" count="3"/>
        <line num="78" type="stmt" count="3"/>
        <line num="80" type="stmt" count="3"/>
        <line num="81" type="stmt" count="3"/>
        <line num="82" type="stmt" count="3"/>
        <line num="83" type="stmt" count="3"/>
        <line num="86" type="method" name="processBudgetDecision" visibility="private" complexity="5" crap="5.01" count="5"/>
        <line num="88" type="stmt" count="5"/>
        <line num="90" type="stmt" count="5"/>
        <line num="91" type="stmt" count="1"/>
        <line num="94" type="stmt" count="4"/>
        <line num="95" type="stmt" count="0"/>
        <line num="99" type="stmt" count="4"/>
        <line num="100" type="stmt" count="4"/>
        <line num="101" type="stmt" count="4"/>
        <line num="102" type="stmt" count="4"/>
        <line num="103" type="stmt" count="2"/>
        <line num="104" type="stmt" count="1"/>
        <line num="105" type="stmt" count="1"/>
        <line num="106" type="stmt" count="1"/>
        <line num="109" type="stmt" count="2"/>
        <line num="110" type="stmt" count="2"/>
        <line num="111" type="stmt" count="2"/>
        <line num="112" type="stmt" count="2"/>
        <metrics loc="115" ncloc="115" classes="1" methods="2" coveredmethods="1" conditionals="0" coveredconditionals="0" statements="38" coveredstatements="37" elements="40" coveredelements="38"/>
      </file>
    </package>
    <package name="App\Http\Controllers">
      <file name="/home/candido/Projects/15SOAT-Fase1/app/Http/Controllers/Controller.php">
        <class name="App\Http\Controllers\Controller" namespace="App\Http\Controllers">
          <metrics complexity="0" methods="0" coveredmethods="0" conditionals="0" coveredconditionals="0" statements="0" coveredstatements="0" elements="0" coveredelements="0"/>
        </class>
        <metrics loc="9" ncloc="8" classes="0" methods="0" coveredmethods="0" conditionals="0" coveredconditionals="0" statements="0" coveredstatements="0" elements="0" coveredelements="0"/>
      </file>
    </package>
    <package name="App\Http\Middleware">
      <file name="/home/candido/Projects/15SOAT-Fase1/app/Http/Middleware/EnsureRole.php">
        <class name="App\Http\Middleware\EnsureRole" namespace="App\Http\Middleware">
          <metrics complexity="3" methods="1" coveredmethods="0" conditionals="0" coveredconditionals="0" statements="7" coveredstatements="6" elements="8" coveredelements="6"/>
        </class>
        <line num="12" type="method" name="handle" visibility="public" complexity="3" crap="3.03" count="51"/>
        <line num="14" type="stmt" count="51"/>
        <line num="16" type="stmt" count="51"/>
        <line num="17" type="stmt" count="0"/>
        <line num="20" type="stmt" count="51"/>
        <line num="22" type="stmt" count="51"/>
        <line num="23" type="stmt" count="4"/>
        <line num="26" type="stmt" count="47"/>
        <metrics loc="29" ncloc="29" classes="1" methods="1" coveredmethods="0" conditionals="0" coveredconditionals="0" statements="7" coveredstatements="6" elements="8" coveredelements="6"/>
      </file>
    </package>
    <package name="App\Http\Requests">
      <file name="/home/candido/Projects/15SOAT-Fase1/app/Http/Requests/AddItemToOrderRequest.php">
        <class name="App\Http\Requests\AddItemToOrderRequest" namespace="App\Http\Requests">
          <metrics complexity="2" methods="2" coveredmethods="2" conditionals="0" coveredconditionals="0" statements="5" coveredstatements="5" elements="7" coveredelements="7"/>
        </class>
        <line num="9" type="method" name="authorize" visibility="public" complexity="1" crap="1" count="2"/>
        <line num="11" type="stmt" count="2"/>
        <line num="14" type="method" name="rules" visibility="public" complexity="1" crap="1" count="2"/>
        <line num="16" type="stmt" count="2"/>
        <line num="17" type="stmt" count="2"/>
        <line num="18" type="stmt" count="2"/>
        <line num="19" type="stmt" count="2"/>
        <metrics loc="22" ncloc="22" classes="1" methods="2" coveredmethods="2" conditionals="0" coveredconditionals="0" statements="5" coveredstatements="5" elements="7" coveredelements="7"/>
      </file>
      <file name="/home/candido/Projects/15SOAT-Fase1/app/Http/Requests/AddServiceToOrderRequest.php">
        <class name="App\Http\Requests\AddServiceToOrderRequest" namespace="App\Http\Requests">
          <metrics complexity="2" methods="2" coveredmethods="2" conditionals="0" coveredconditionals="0" statements="5" coveredstatements="5" elements="7" coveredelements="7"/>
        </class>
        <line num="9" type="method" name="authorize" visibility="public" complexity="1" crap="1" count="3"/>
        <line num="11" type="stmt" count="3"/>
        <line num="14" type="method" name="rules" visibility="public" complexity="1" crap="1" count="3"/>
        <line num="16" type="stmt" count="3"/>
        <line num="17" type="stmt" count="3"/>
        <line num="18" type="stmt" count="3"/>
        <line num="19" type="stmt" count="3"/>
        <metrics loc="22" ncloc="22" classes="1" methods="2" coveredmethods="2" conditionals="0" coveredconditionals="0" statements="5" coveredstatements="5" elements="7" coveredelements="7"/>
      </file>
      <file name="/home/candido/Projects/15SOAT-Fase1/app/Http/Requests/StoreClientRequest.php">
        <class name="App\Http\Requests\StoreClientRequest" namespace="App\Http\Requests">
          <metrics complexity="2" methods="2" coveredmethods="2" conditionals="0" coveredconditionals="0" statements="8" coveredstatements="8" elements="10" coveredelements="10"/>
        </class>
        <line num="9" type="method" name="authorize" visibility="public" complexity="1" crap="1" count="2"/>
        <line num="11" type="stmt" count="2"/>
        <line num="14" type="method" name="rules" visibility="public" complexity="1" crap="1" count="2"/>
        <line num="16" type="stmt" count="2"/>
        <line num="17" type="stmt" count="2"/>
        <line num="18" type="stmt" count="2"/>
        <line num="19" type="stmt" count="2"/>
        <line num="20" type="stmt" count="2"/>
        <line num="21" type="stmt" count="2"/>
        <line num="22" type="stmt" count="2"/>
        <metrics loc="25" ncloc="25" classes="1" methods="2" coveredmethods="2" conditionals="0" coveredconditionals="0" statements="8" coveredstatements="8" elements="10" coveredelements="10"/>
      </file>
      <file name="/home/candido/Projects/15SOAT-Fase1/app/Http/Requests/StoreItemRequest.php">
        <class name="App\Http\Requests\StoreItemRequest" namespace="App\Http\Requests">
          <metrics complexity="2" methods="2" coveredmethods="2" conditionals="0" coveredconditionals="0" statements="10" coveredstatements="10" elements="12" coveredelements="12"/>
        </class>
        <line num="11" type="method" name="authorize" visibility="public" complexity="1" crap="1" count="4"/>
        <line num="13" type="stmt" count="4"/>
        <line num="16" type="method" name="rules" visibility="public" complexity="1" crap="1" count="4"/>
        <line num="18" type="stmt" count="4"/>
        <line num="19" type="stmt" count="4"/>
        <line num="20" type="stmt" count="4"/>
        <line num="21" type="stmt" count="4"/>
        <line num="22" type="stmt" count="4"/>
        <line num="23" type="stmt" count="4"/>
        <line num="24" type="stmt" count="4"/>
        <line num="25" type="stmt" count="4"/>
        <line num="26" type="stmt" count="4"/>
        <metrics loc="29" ncloc="29" classes="1" methods="2" coveredmethods="2" conditionals="0" coveredconditionals="0" statements="10" coveredstatements="10" elements="12" coveredelements="12"/>
      </file>
      <file name="/home/candido/Projects/15SOAT-Fase1/app/Http/Requests/StoreServiceOrderRequest.php">
        <class name="App\Http\Requests\StoreServiceOrderRequest" namespace="App\Http\Requests">
          <metrics complexity="2" methods="2" coveredmethods="2" conditionals="0" coveredconditionals="0" statements="12" coveredstatements="12" elements="14" coveredelements="14"/>
        </class>
        <line num="9" type="method" name="authorize" visibility="public" complexity="1" crap="1" count="2"/>
        <line num="11" type="stmt" count="2"/>
        <line num="14" type="method" name="rules" visibility="public" complexity="1" crap="1" count="2"/>
        <line num="16" type="stmt" count="2"/>
        <line num="17" type="stmt" count="2"/>
        <line num="18" type="stmt" count="2"/>
        <line num="19" type="stmt" count="2"/>
        <line num="20" type="stmt" count="2"/>
        <line num="21" type="stmt" count="2"/>
        <line num="22" type="stmt" count="2"/>
        <line num="23" type="stmt" count="2"/>
        <line num="24" type="stmt" count="2"/>
        <line num="25" type="stmt" count="2"/>
        <line num="26" type="stmt" count="2"/>
        <metrics loc="29" ncloc="29" classes="1" methods="2" coveredmethods="2" conditionals="0" coveredconditionals="0" statements="12" coveredstatements="12" elements="14" coveredelements="14"/>
      </file>
      <file name="/home/candido/Projects/15SOAT-Fase1/app/Http/Requests/StoreServiceRequest.php">
        <class name="App\Http\Requests\StoreServiceRequest" namespace="App\Http\Requests">
          <metrics complexity="2" methods="2" coveredmethods="2" conditionals="0" coveredconditionals="0" statements="11" coveredstatements="11" elements="13" coveredelements="13"/>
        </class>
        <line num="9" type="method" name="authorize" visibility="public" complexity="1" crap="1" count="2"/>
        <line num="11" type="stmt" count="2"/>
        <line num="14" type="method" name="rules" visibility="public" complexity="1" crap="1" count="2"/>
        <line num="16" type="stmt" count="2"/>
        <line num="17" type="stmt" count="2"/>
        <line num="18" type="stmt" count="2"/>
        <line num="19" type="stmt" count="2"/>
        <line num="20" type="stmt" count="2"/>
        <line num="21" type="stmt" count="2"/>
        <line num="22" type="stmt" count="2"/>
        <line num="23" type="stmt" count="2"/>
        <line num="24" type="stmt" count="2"/>
        <line num="25" type="stmt" count="2"/>
        <metrics loc="28" ncloc="28" classes="1" methods="2" coveredmethods="2" conditionals="0" coveredconditionals="0" statements="11" coveredstatements="11" elements="13" coveredelements="13"/>
      </file>
      <file name="/home/candido/Projects/15SOAT-Fase1/app/Http/Requests/StoreVehicleRequest.php">
        <class name="App\Http\Requests\StoreVehicleRequest" namespace="App\Http\Requests">
          <metrics complexity="2" methods="2" coveredmethods="2" conditionals="0" coveredconditionals="0" statements="9" coveredstatements="9" elements="11" coveredelements="11"/>
        </class>
        <line num="9" type="method" name="authorize" visibility="public" complexity="1" crap="1" count="2"/>
        <line num="11" type="stmt" count="2"/>
        <line num="14" type="method" name="rules" visibility="public" complexity="1" crap="1" count="2"/>
        <line num="16" type="stmt" count="2"/>
        <line num="17" type="stmt" count="2"/>
        <line num="18" type="stmt" count="2"/>
        <line num="19" type="stmt" count="2"/>
        <line num="20" type="stmt" count="2"/>
        <line num="21" type="stmt" count="2"/>
        <line num="22" type="stmt" count="2"/>
        <line num="23" type="stmt" count="2"/>
        <metrics loc="26" ncloc="26" classes="1" methods="2" coveredmethods="2" conditionals="0" coveredconditionals="0" statements="9" coveredstatements="9" elements="11" coveredelements="11"/>
      </file>
      <file name="/home/candido/Projects/15SOAT-Fase1/app/Http/Requests/UpdateClientRequest.php">
        <class name="App\Http\Requests\UpdateClientRequest" namespace="App\Http\Requests">
          <metrics complexity="2" methods="2" coveredmethods="2" conditionals="0" coveredconditionals="0" statements="9" coveredstatements="9" elements="11" coveredelements="11"/>
        </class>
        <line num="9" type="method" name="authorize" visibility="public" complexity="1" crap="1" count="1"/>
        <line num="11" type="stmt" count="1"/>
        <line num="14" type="method" name="rules" visibility="public" complexity="1" crap="1" count="1"/>
        <line num="16" type="stmt" count="1"/>
        <line num="18" type="stmt" count="1"/>
        <line num="19" type="stmt" count="1"/>
        <line num="20" type="stmt" count="1"/>
        <line num="21" type="stmt" count="1"/>
        <line num="22" type="stmt" count="1"/>
        <line num="23" type="stmt" count="1"/>
        <line num="24" type="stmt" count="1"/>
        <metrics loc="27" ncloc="27" classes="1" methods="2" coveredmethods="2" conditionals="0" coveredconditionals="0" statements="9" coveredstatements="9" elements="11" coveredelements="11"/>
      </file>
      <file name="/home/candido/Projects/15SOAT-Fase1/app/Http/Requests/UpdateItemRequest.php">
        <class name="App\Http\Requests\UpdateItemRequest" namespace="App\Http\Requests">
          <metrics complexity="2" methods="2" coveredmethods="2" conditionals="0" coveredconditionals="0" statements="10" coveredstatements="10" elements="12" coveredelements="12"/>
        </class>
        <line num="11" type="method" name="authorize" visibility="public" complexity="1" crap="1" count="2"/>
        <line num="13" type="stmt" count="2"/>
        <line num="16" type="method" name="rules" visibility="public" complexity="1" crap="1" count="2"/>
        <line num="18" type="stmt" count="2"/>
        <line num="19" type="stmt" count="2"/>
        <line num="20" type="stmt" count="2"/>
        <line num="21" type="stmt" count="2"/>
        <line num="22" type="stmt" count="2"/>
        <line num="23" type="stmt" count="2"/>
        <line num="24" type="stmt" count="2"/>
        <line num="25" type="stmt" count="2"/>
        <line num="26" type="stmt" count="2"/>
        <metrics loc="29" ncloc="29" classes="1" methods="2" coveredmethods="2" conditionals="0" coveredconditionals="0" statements="10" coveredstatements="10" elements="12" coveredelements="12"/>
      </file>
      <file name="/home/candido/Projects/15SOAT-Fase1/app/Http/Requests/UpdateServiceRequest.php">
        <class name="App\Http\Requests\UpdateServiceRequest" namespace="App\Http\Requests">
          <metrics complexity="2" methods="2" coveredmethods="2" conditionals="0" coveredconditionals="0" statements="11" coveredstatements="11" elements="13" coveredelements="13"/>
        </class>
        <line num="9" type="method" name="authorize" visibility="public" complexity="1" crap="1" count="2"/>
        <line num="11" type="stmt" count="2"/>
        <line num="14" type="method" name="rules" visibility="public" complexity="1" crap="1" count="2"/>
        <line num="16" type="stmt" count="2"/>
        <line num="17" type="stmt" count="2"/>
        <line num="18" type="stmt" count="2"/>
        <line num="19" type="stmt" count="2"/>
        <line num="20" type="stmt" count="2"/>
        <line num="21" type="stmt" count="2"/>
        <line num="22" type="stmt" count="2"/>
        <line num="23" type="stmt" count="2"/>
        <line num="24" type="stmt" count="2"/>
        <line num="25" type="stmt" count="2"/>
        <metrics loc="28" ncloc="28" classes="1" methods="2" coveredmethods="2" conditionals="0" coveredconditionals="0" statements="11" coveredstatements="11" elements="13" coveredelements="13"/>
      </file>
      <file name="/home/candido/Projects/15SOAT-Fase1/app/Http/Requests/UpdateVehicleRequest.php">
        <class name="App\Http\Requests\UpdateVehicleRequest" namespace="App\Http\Requests">
          <metrics complexity="2" methods="2" coveredmethods="2" conditionals="0" coveredconditionals="0" statements="10" coveredstatements="10" elements="12" coveredelements="12"/>
        </class>
        <line num="9" type="method" name="authorize" visibility="public" complexity="1" crap="1" count="1"/>
        <line num="11" type="stmt" count="1"/>
        <line num="14" type="method" name="rules" visibility="public" complexity="1" crap="1" count="1"/>
        <line num="16" type="stmt" count="1"/>
        <line num="18" type="stmt" count="1"/>
        <line num="19" type="stmt" count="1"/>
        <line num="20" type="stmt" count="1"/>
        <line num="21" type="stmt" count="1"/>
        <line num="22" type="stmt" count="1"/>
        <line num="23" type="stmt" count="1"/>
        <line num="24" type="stmt" count="1"/>
        <line num="25" type="stmt" count="1"/>
        <metrics loc="28" ncloc="28" classes="1" methods="2" coveredmethods="2" conditionals="0" coveredconditionals="0" statements="10" coveredstatements="10" elements="12" coveredelements="12"/>
      </file>
    </package>
    <package name="App\Http\Resources">
      <file name="/home/candido/Projects/15SOAT-Fase1/app/Http/Resources/ItemResource.php">
        <class name="App\Http\Resources\ItemResource" namespace="App\Http\Resources">
          <metrics complexity="1" methods="1" coveredmethods="1" conditionals="0" coveredconditionals="0" statements="12" coveredstatements="12" elements="13" coveredelements="13"/>
        </class>
        <line num="10" type="method" name="toArray" visibility="public" complexity="1" crap="1" count="12"/>
        <line num="12" type="stmt" count="12"/>
        <line num="13" type="stmt" count="12"/>
        <line num="14" type="stmt" count="12"/>
        <line num="15" type="stmt" count="12"/>
        <line num="16" type="stmt" count="12"/>
        <line num="17" type="stmt" count="12"/>
        <line num="18" type="stmt" count="12"/>
        <line num="19" type="stmt" count="12"/>
        <line num="20" type="stmt" count="12"/>
        <line num="21" type="stmt" count="12"/>
        <line num="22" type="stmt" count="12"/>
        <line num="23" type="stmt" count="12"/>
        <metrics loc="26" ncloc="26" classes="1" methods="1" coveredmethods="1" conditionals="0" coveredconditionals="0" statements="12" coveredstatements="12" elements="13" coveredelements="13"/>
      </file>
      <file name="/home/candido/Projects/15SOAT-Fase1/app/Http/Resources/ServiceOrderResource.php">
        <class name="App\Http\Resources\ServiceOrderResource" namespace="App\Http\Resources">
          <metrics complexity="1" methods="1" coveredmethods="1" conditionals="0" coveredconditionals="0" statements="25" coveredstatements="25" elements="26" coveredelements="26"/>
        </class>
        <line num="10" type="method" name="toArray" visibility="public" complexity="1" crap="1" count="22"/>
        <line num="12" type="stmt" count="22"/>
        <line num="13" type="stmt" count="22"/>
        <line num="14" type="stmt" count="22"/>
        <line num="15" type="stmt" count="22"/>
        <line num="16" type="stmt" count="22"/>
        <line num="17" type="stmt" count="22"/>
        <line num="18" type="stmt" count="22"/>
        <line num="19" type="stmt" count="22"/>
        <line num="20" type="stmt" count="22"/>
        <line num="21" type="stmt" count="22"/>
        <line num="22" type="stmt" count="22"/>
        <line num="23" type="stmt" count="22"/>
        <line num="24" type="stmt" count="22"/>
        <line num="25" type="stmt" count="22"/>
        <line num="26" type="stmt" count="22"/>
        <line num="27" type="stmt" count="20"/>
        <line num="28" type="stmt" count="20"/>
        <line num="29" type="stmt" count="20"/>
        <line num="30" type="stmt" count="20"/>
        <line num="31" type="stmt" count="20"/>
        <line num="32" type="stmt" count="20"/>
        <line num="33" type="stmt" count="20"/>
        <line num="34" type="stmt" count="22"/>
        <line num="35" type="stmt" count="22"/>
        <line num="36" type="stmt" count="22"/>
        <metrics loc="39" ncloc="39" classes="1" methods="1" coveredmethods="1" conditionals="0" coveredconditionals="0" statements="25" coveredstatements="25" elements="26" coveredelements="26"/>
      </file>
      <file name="/home/candido/Projects/15SOAT-Fase1/app/Http/Resources/ServiceResource.php">
        <class name="App\Http\Resources\ServiceResource" namespace="App\Http\Resources">
          <metrics complexity="1" methods="1" coveredmethods="1" conditionals="0" coveredconditionals="0" statements="17" coveredstatements="17" elements="18" coveredelements="18"/>
        </class>
        <line num="10" type="method" name="toArray" visibility="public" complexity="1" crap="1" count="12"/>
        <line num="12" type="stmt" count="12"/>
        <line num="13" type="stmt" count="12"/>
        <line num="14" type="stmt" count="12"/>
        <line num="15" type="stmt" count="12"/>
        <line num="16" type="stmt" count="12"/>
        <line num="17" type="stmt" count="12"/>
        <line num="18" type="stmt" count="12"/>
        <line num="19" type="stmt" count="12"/>
        <line num="20" type="stmt" count="7"/>
        <line num="21" type="stmt" count="7"/>
        <line num="22" type="stmt" count="7"/>
        <line num="23" type="stmt" count="7"/>
        <line num="24" type="stmt" count="7"/>
        <line num="25" type="stmt" count="7"/>
        <line num="26" type="stmt" count="12"/>
        <line num="27" type="stmt" count="12"/>
        <line num="28" type="stmt" count="12"/>
        <metrics loc="31" ncloc="31" classes="1" methods="1" coveredmethods="1" conditionals="0" coveredconditionals="0" statements="17" coveredstatements="17" elements="18" coveredelements="18"/>
      </file>
      <file name="/home/candido/Projects/15SOAT-Fase1/app/Http/Resources/UserResource.php">
        <class name="App\Http\Resources\UserResource" namespace="App\Http\Resources">
          <metrics complexity="1" methods="1" coveredmethods="1" conditionals="0" coveredconditionals="0" statements="10" coveredstatements="10" elements="11" coveredelements="11"/>
        </class>
        <line num="10" type="method" name="toArray" visibility="public" complexity="1" crap="1" count="31"/>
        <line num="12" type="stmt" count="31"/>
        <line num="13" type="stmt" count="31"/>
        <line num="14" type="stmt" count="31"/>
        <line num="15" type="stmt" count="31"/>
        <line num="16" type="stmt" count="31"/>
        <line num="17" type="stmt" count="31"/>
        <line num="18" type="stmt" count="31"/>
        <line num="19" type="stmt" count="31"/>
        <line num="20" type="stmt" count="31"/>
        <line num="21" type="stmt" count="31"/>
        <metrics loc="24" ncloc="24" classes="1" methods="1" coveredmethods="1" conditionals="0" coveredconditionals="0" statements="10" coveredstatements="10" elements="11" coveredelements="11"/>
      </file>
      <file name="/home/candido/Projects/15SOAT-Fase1/app/Http/Resources/VehicleResource.php">
        <class name="App\Http\Resources\VehicleResource" namespace="App\Http\Resources">
          <metrics complexity="1" methods="1" coveredmethods="1" conditionals="0" coveredconditionals="0" statements="11" coveredstatements="11" elements="12" coveredelements="12"/>
        </class>
        <line num="10" type="method" name="toArray" visibility="public" complexity="1" crap="1" count="25"/>
        <line num="12" type="stmt" count="25"/>
        <line num="13" type="stmt" count="25"/>
        <line num="14" type="stmt" count="25"/>
        <line num="15" type="stmt" count="25"/>
        <line num="16" type="stmt" count="25"/>
        <line num="17" type="stmt" count="25"/>
        <line num="18" type="stmt" count="25"/>
        <line num="19" type="stmt" count="25"/>
        <line num="20" type="stmt" count="25"/>
        <line num="21" type="stmt" count="25"/>
        <line num="22" type="stmt" count="25"/>
        <metrics loc="25" ncloc="25" classes="1" methods="1" coveredmethods="1" conditionals="0" coveredconditionals="0" statements="11" coveredstatements="11" elements="12" coveredelements="12"/>
      </file>
    </package>
    <package name="App\Infrastructure\Messaging">
      <file name="/home/candido/Projects/15SOAT-Fase1/app/Infrastructure/Messaging/StubEmailStatusUpdateService.php">
        <class name="App\Infrastructure\Messaging\StubEmailStatusUpdateService" namespace="App\Infrastructure\Messaging">
          <metrics complexity="3" methods="2" coveredmethods="2" conditionals="0" coveredconditionals="0" statements="5" coveredstatements="5" elements="7" coveredelements="7"/>
        </class>
        <line num="12" type="method" name="__construct" visibility="public" complexity="1" crap="1" count="5"/>
        <line num="14" type="method" name="updateFromEmail" visibility="public" complexity="2" crap="2" count="4"/>
        <line num="16" type="stmt" count="4"/>
        <line num="18" type="stmt" count="4"/>
        <line num="19" type="stmt" count="1"/>
        <line num="22" type="stmt" count="3"/>
        <metrics loc="25" ncloc="25" classes="1" methods="2" coveredmethods="2" conditionals="0" coveredconditionals="0" statements="5" coveredstatements="5" elements="7" coveredelements="7"/>
      </file>
    </package>
    <package name="App\Infrastructure\Persistence\Eloquent">
      <file name="/home/candido/Projects/15SOAT-Fase1/app/Infrastructure/Persistence/Eloquent/EloquentServiceOrderRepository.php">
        <class name="App\Infrastructure\Persistence\Eloquent\EloquentServiceOrderRepository" namespace="App\Infrastructure\Persistence\Eloquent">
          <metrics complexity="4" methods="4" coveredmethods="4" conditionals="0" coveredconditionals="0" statements="5" coveredstatements="5" elements="9" coveredelements="9"/>
        </class>
        <line num="10" type="method" name="findById" visibility="public" complexity="1" crap="1" count="7"/>
        <line num="12" type="stmt" count="7"/>
        <line num="15" type="method" name="findByNumber" visibility="public" complexity="1" crap="1" count="13"/>
        <line num="17" type="stmt" count="13"/>
        <line num="20" type="method" name="create" visibility="public" complexity="1" crap="1" count="6"/>
        <line num="22" type="stmt" count="6"/>
        <line num="25" type="method" name="save" visibility="public" complexity="1" crap="1" count="8"/>
        <line num="27" type="stmt" count="8"/>
        <line num="29" type="stmt" count="8"/>
        <metrics loc="32" ncloc="32" classes="1" methods="4" coveredmethods="4" conditionals="0" coveredconditionals="0" statements="5" coveredstatements="5" elements="9" coveredelements="9"/>
      </file>
    </package>
    <package name="App\Jobs">
      <file name="/home/candido/Projects/15SOAT-Fase1/app/Jobs/SendFineNotificationJob.php">
        <class name="App\Jobs\SendFineNotificationJob" namespace="App\Jobs">
          <metrics complexity="1" methods="1" coveredmethods="1" conditionals="0" coveredconditionals="0" statements="7" coveredstatements="7" elements="8" coveredelements="8"/>
        </class>
        <line num="18" type="method" name="handle" visibility="public" complexity="1" crap="1" count="2"/>
        <line num="20" type="stmt" count="2"/>
        <line num="21" type="stmt" count="2"/>
        <line num="22" type="stmt" count="2"/>
        <line num="23" type="stmt" count="2"/>
        <line num="24" type="stmt" count="2"/>
        <line num="25" type="stmt" count="2"/>
        <line num="26" type="stmt" count="2"/>
        <metrics loc="29" ncloc="29" classes="1" methods="1" coveredmethods="1" conditionals="0" coveredconditionals="0" statements="7" coveredstatements="7" elements="8" coveredelements="8"/>
      </file>
    </package>
    <package name="App\Models">
      <file name="/home/candido/Projects/15SOAT-Fase1/app/Models/Item.php">
        <class name="App\Models\Item" namespace="App\Models">
          <metrics complexity="3" methods="3" coveredmethods="2" conditionals="0" coveredconditionals="0" statements="8" coveredstatements="7" elements="11" coveredelements="9"/>
        </class>
        <line num="24" type="method" name="casts" visibility="protected" complexity="1" crap="1" count="27"/>
        <line num="26" type="stmt" count="27"/>
        <line num="27" type="stmt" count="27"/>
        <line num="28" type="stmt" count="27"/>
        <line num="29" type="stmt" count="27"/>
        <line num="30" type="stmt" count="27"/>
        <line num="31" type="stmt" count="27"/>
        <line num="34" type="method" name="hasStock" visibility="public" complexity="1" crap="1" count="3"/>
        <line num="36" type="stmt" count="3"/>
        <line num="39" type="method" name="serviceOrderItems" visibility="public" complexity="1" crap="2" count="0"/>
        <line num="41" type="stmt" count="0"/>
        <metrics loc="44" ncloc="44" classes="1" methods="3" coveredmethods="2" conditionals="0" coveredconditionals="0" statements="8" coveredstatements="7" elements="11" coveredelements="9"/>
      </file>
      <file name="/home/candido/Projects/15SOAT-Fase1/app/Models/Service.php">
        <class name="App\Models\Service" namespace="App\Models">
          <metrics complexity="4" methods="4" coveredmethods="3" conditionals="0" coveredconditionals="0" statements="12" coveredstatements="9" elements="16" coveredelements="12"/>
        </class>
        <line num="22" type="method" name="casts" visibility="protected" complexity="1" crap="1" count="29"/>
        <line num="24" type="stmt" count="29"/>
        <line num="25" type="stmt" count="29"/>
        <line num="26" type="stmt" count="29"/>
        <line num="27" type="stmt" count="29"/>
        <line num="28" type="stmt" count="29"/>
        <line num="31" type="method" name="serviceOrders" visibility="public" complexity="1" crap="2" count="0"/>
        <line num="33" type="stmt" count="0"/>
        <line num="34" type="stmt" count="0"/>
        <line num="35" type="stmt" count="0"/>
        <line num="38" type="method" name="serviceItems" visibility="public" complexity="1" crap="1" count="5"/>
        <line num="40" type="stmt" count="5"/>
        <line num="43" type="method" name="items" visibility="public" complexity="1" crap="1" count="7"/>
        <line num="45" type="stmt" count="7"/>
        <line num="46" type="stmt" count="7"/>
        <line num="47" type="stmt" count="7"/>
        <metrics loc="50" ncloc="50" classes="1" methods="4" coveredmethods="3" conditionals="0" coveredconditionals="0" statements="12" coveredstatements="9" elements="16" coveredelements="12"/>
      </file>
      <file name="/home/candido/Projects/15SOAT-Fase1/app/Models/ServiceItem.php">
        <class name="App\Models\ServiceItem" namespace="App\Models">
          <metrics complexity="3" methods="3" coveredmethods="2" conditionals="0" coveredconditionals="0" statements="5" coveredstatements="4" elements="8" coveredelements="6"/>
        </class>
        <line num="16" type="method" name="casts" visibility="protected" complexity="1" crap="1" count="8"/>
        <line num="18" type="stmt" count="8"/>
        <line num="19" type="stmt" count="8"/>
        <line num="20" type="stmt" count="8"/>
        <line num="23" type="method" name="service" visibility="public" complexity="1" crap="2" count="0"/>
        <line num="25" type="stmt" count="0"/>
        <line num="28" type="method" name="item" visibility="public" complexity="1" crap="1" count="4"/>
        <line num="30" type="stmt" count="4"/>
        <metrics loc="33" ncloc="33" classes="1" methods="3" coveredmethods="2" conditionals="0" coveredconditionals="0" statements="5" coveredstatements="4" elements="8" coveredelements="6"/>
      </file>
      <file name="/home/candido/Projects/15SOAT-Fase1/app/Models/ServiceOrder.php">
        <class name="App\Models\ServiceOrder" namespace="App\Models">
          <metrics complexity="17" methods="14" coveredmethods="12" conditionals="0" coveredconditionals="0" statements="38" coveredstatements="34" elements="52" coveredelements="46"/>
        </class>
        <line num="29" type="method" name="casts" visibility="protected" complexity="1" crap="1" count="66"/>
        <line num="31" type="stmt" count="66"/>
        <line num="32" type="stmt" count="66"/>
        <line num="33" type="stmt" count="66"/>
        <line num="34" type="stmt" count="66"/>
        <line num="35" type="stmt" count="66"/>
        <line num="36" type="stmt" count="66"/>
        <line num="37" type="stmt" count="66"/>
        <line num="38" type="stmt" count="66"/>
        <line num="41" type="method" name="booted" visibility="protected" complexity="2" crap="2" count="66"/>
        <line num="43" type="stmt" count="66"/>
        <line num="44" type="stmt" count="52"/>
        <line num="45" type="stmt" count="52"/>
        <line num="47" type="stmt" count="66"/>
        <line num="50" type="method" name="generateNumber" visibility="public" complexity="1" crap="1" count="53"/>
        <line num="52" type="stmt" count="53"/>
        <line num="53" type="stmt" count="53"/>
        <line num="55" type="stmt" count="53"/>
        <line num="58" type="method" name="client" visibility="public" complexity="1" crap="1" count="29"/>
        <line num="60" type="stmt" count="29"/>
        <line num="63" type="method" name="vehicle" visibility="public" complexity="1" crap="1" count="30"/>
        <line num="65" type="stmt" count="30"/>
        <line num="68" type="method" name="orderServices" visibility="public" complexity="1" crap="1" count="2"/>
        <line num="70" type="stmt" count="2"/>
        <line num="73" type="method" name="orderItems" visibility="public" complexity="1" crap="1" count="21"/>
        <line num="75" type="stmt" count="21"/>
        <line num="78" type="method" name="services" visibility="public" complexity="1" crap="1" count="20"/>
        <line num="80" type="stmt" count="20"/>
        <line num="81" type="stmt" count="20"/>
        <line num="82" type="stmt" count="20"/>
        <line num="85" type="method" name="items" visibility="public" complexity="1" crap="2" count="0"/>
        <line num="87" type="stmt" count="0"/>
        <line num="88" type="stmt" count="0"/>
        <line num="89" type="stmt" count="0"/>
        <line num="92" type="method" name="calculateTotal" visibility="public" complexity="1" crap="1" count="2"/>
        <line num="94" type="stmt" count="2"/>
        <line num="95" type="stmt" count="2"/>
        <line num="96" type="stmt" count="2"/>
        <line num="98" type="stmt" count="2"/>
        <line num="99" type="stmt" count="2"/>
        <line num="100" type="stmt" count="2"/>
        <line num="102" type="stmt" count="2"/>
        <line num="105" type="method" name="isPaid" visibility="public" complexity="1" crap="1" count="6"/>
        <line num="107" type="stmt" count="6"/>
        <line num="110" type="method" name="isFinalized" visibility="public" complexity="1" crap="1" count="1"/>
        <line num="112" type="stmt" count="1"/>
        <line num="115" type="method" name="isDeliverable" visibility="public" complexity="2" crap="2" count="3"/>
        <line num="117" type="stmt" count="3"/>
        <line num="120" type="method" name="hoursSinceFinalized" visibility="public" complexity="2" crap="2.15" count="1"/>
        <line num="122" type="stmt" count="1"/>
        <line num="123" type="stmt" count="1"/>
        <line num="126" type="stmt" count="0"/>
        <metrics loc="129" ncloc="129" classes="1" methods="14" coveredmethods="12" conditionals="0" coveredconditionals="0" statements="38" coveredstatements="34" elements="52" coveredelements="46"/>
      </file>
      <file name="/home/candido/Projects/15SOAT-Fase1/app/Models/ServiceOrderItem.php">
        <class name="App\Models\ServiceOrderItem" namespace="App\Models">
          <metrics complexity="4" methods="4" coveredmethods="2" conditionals="0" coveredconditionals="0" statements="7" coveredstatements="5" elements="11" coveredelements="7"/>
        </class>
        <line num="17" type="method" name="casts" visibility="protected" complexity="1" crap="1" count="24"/>
        <line num="19" type="stmt" count="24"/>
        <line num="20" type="stmt" count="24"/>
        <line num="21" type="stmt" count="24"/>
        <line num="22" type="stmt" count="24"/>
        <line num="25" type="method" name="serviceOrder" visibility="public" complexity="1" crap="2" count="0"/>
        <line num="27" type="stmt" count="0"/>
        <line num="30" type="method" name="item" visibility="public" complexity="1" crap="1" count="5"/>
        <line num="32" type="stmt" count="5"/>
        <line num="35" type="method" name="subtotal" visibility="public" complexity="1" crap="2" count="0"/>
        <line num="37" type="stmt" count="0"/>
        <metrics loc="40" ncloc="40" classes="1" methods="4" coveredmethods="2" conditionals="0" coveredconditionals="0" statements="7" coveredstatements="5" elements="11" coveredelements="7"/>
      </file>
      <file name="/home/candido/Projects/15SOAT-Fase1/app/Models/ServiceOrderService.php">
        <class name="App\Models\ServiceOrderService" namespace="App\Models">
          <metrics complexity="4" methods="4" coveredmethods="1" conditionals="0" coveredconditionals="0" statements="7" coveredstatements="4" elements="11" coveredelements="5"/>
        </class>
        <line num="17" type="method" name="casts" visibility="protected" complexity="1" crap="1" count="8"/>
        <line num="19" type="stmt" count="8"/>
        <line num="20" type="stmt" count="8"/>
        <line num="21" type="stmt" count="8"/>
        <line num="22" type="stmt" count="8"/>
        <line num="25" type="method" name="serviceOrder" visibility="public" complexity="1" crap="2" count="0"/>
        <line num="27" type="stmt" count="0"/>
        <line num="30" type="method" name="service" visibility="public" complexity="1" crap="2" count="0"/>
        <line num="32" type="stmt" count="0"/>
        <line num="35" type="method" name="subtotal" visibility="public" complexity="1" crap="2" count="0"/>
        <line num="37" type="stmt" count="0"/>
        <metrics loc="40" ncloc="40" classes="1" methods="4" coveredmethods="1" conditionals="0" coveredconditionals="0" statements="7" coveredstatements="4" elements="11" coveredelements="5"/>
      </file>
      <file name="/home/candido/Projects/15SOAT-Fase1/app/Models/User.php">
        <class name="App\Models\User" namespace="App\Models">
          <metrics complexity="8" methods="7" coveredmethods="3" conditionals="0" coveredconditionals="0" statements="15" coveredstatements="11" elements="22" coveredelements="14"/>
        </class>
        <line num="32" type="method" name="casts" visibility="protected" complexity="1" crap="1" count="91"/>
        <line num="34" type="stmt" count="91"/>
        <line num="35" type="stmt" count="91"/>
        <line num="36" type="stmt" count="91"/>
        <line num="37" type="stmt" count="91"/>
        <line num="38" type="stmt" count="91"/>
        <line num="41" type="method" name="isReceptionist" visibility="public" complexity="1" crap="2" count="0"/>
        <line num="43" type="stmt" count="0"/>
        <line num="46" type="method" name="isMechanic" visibility="public" complexity="1" crap="2" count="0"/>
        <line num="48" type="stmt" count="0"/>
        <line num="51" type="method" name="isClient" visibility="public" complexity="1" crap="1" count="12"/>
        <line num="53" type="stmt" count="12"/>
        <line num="56" type="method" name="hasRole" visibility="public" complexity="2" crap="2" count="51"/>
        <line num="58" type="stmt" count="51"/>
        <line num="59" type="stmt" count="51"/>
        <line num="60" type="stmt" count="51"/>
        <line num="61" type="stmt" count="51"/>
        <line num="63" type="stmt" count="51"/>
        <line num="66" type="method" name="vehicles" visibility="public" complexity="1" crap="2" count="0"/>
        <line num="68" type="stmt" count="0"/>
        <line num="71" type="method" name="serviceOrders" visibility="public" complexity="1" crap="2" count="0"/>
        <line num="73" type="stmt" count="0"/>
        <metrics loc="76" ncloc="75" classes="1" methods="7" coveredmethods="3" conditionals="0" coveredconditionals="0" statements="15" coveredstatements="11" elements="22" coveredelements="14"/>
      </file>
      <file name="/home/candido/Projects/15SOAT-Fase1/app/Models/Vehicle.php">
        <class name="App\Models\Vehicle" namespace="App\Models">
          <metrics complexity="3" methods="3" coveredmethods="2" conditionals="0" coveredconditionals="0" statements="5" coveredstatements="4" elements="8" coveredelements="6"/>
        </class>
        <line num="23" type="method" name="casts" visibility="protected" complexity="1" crap="1" count="59"/>
        <line num="25" type="stmt" count="59"/>
        <line num="26" type="stmt" count="59"/>
        <line num="27" type="stmt" count="59"/>
        <line num="30" type="method" name="client" visibility="public" complexity="1" crap="1" count="3"/>
        <line num="32" type="stmt" count="3"/>
        <line num="35" type="method" name="serviceOrders" visibility="public" complexity="1" crap="2" count="0"/>
        <line num="37" type="stmt" count="0"/>
        <metrics loc="40" ncloc="40" classes="1" methods="3" coveredmethods="2" conditionals="0" coveredconditionals="0" statements="5" coveredstatements="4" elements="8" coveredelements="6"/>
      </file>
    </package>
    <package name="App\Providers">
      <file name="/home/candido/Projects/15SOAT-Fase1/app/Providers/AppServiceProvider.php">
        <class name="App\Providers\AppServiceProvider" namespace="App\Providers">
          <metrics complexity="2" methods="2" coveredmethods="2" conditionals="0" coveredconditionals="0" statements="5" coveredstatements="5" elements="7" coveredelements="7"/>
        </class>
        <line num="17" type="method" name="register" visibility="public" complexity="1" crap="1" count="109"/>
        <line num="19" type="stmt" count="109"/>
        <line num="20" type="stmt" count="109"/>
        <line num="21" type="stmt" count="109"/>
        <line num="22" type="stmt" count="109"/>
        <line num="25" type="method" name="boot" visibility="public" complexity="1" crap="1" count="109"/>
        <line num="28" type="stmt" count="109"/>
        <metrics loc="30" ncloc="29" classes="1" methods="2" coveredmethods="2" conditionals="0" coveredconditionals="0" statements="5" coveredstatements="5" elements="7" coveredelements="7"/>
      </file>
    </package>
    <package name="App\Services">
      <file name="/home/candido/Projects/15SOAT-Fase1/app/Services/StubMessagingService.php">
        <class name="App\Services\StubMessagingService" namespace="App\Services">
          <metrics complexity="5" methods="5" coveredmethods="0" conditionals="0" coveredconditionals="0" statements="23" coveredstatements="0" elements="28" coveredelements="0"/>
        </class>
        <line num="11" type="method" name="send" visibility="public" complexity="1" crap="2" count="0"/>
        <line num="14" type="stmt" count="0"/>
        <line num="15" type="stmt" count="0"/>
        <line num="16" type="stmt" count="0"/>
        <line num="17" type="stmt" count="0"/>
        <line num="18" type="stmt" count="0"/>
        <line num="21" type="method" name="notifyOrderCreated" visibility="public" complexity="1" crap="2" count="0"/>
        <line num="23" type="stmt" count="0"/>
        <line num="24" type="stmt" count="0"/>
        <line num="25" type="stmt" count="0"/>
        <line num="26" type="stmt" count="0"/>
        <line num="28" type="stmt" count="0"/>
        <line num="31" type="method" name="notifyBudgetReady" visibility="public" complexity="1" crap="2" count="0"/>
        <line num="33" type="stmt" count="0"/>
        <line num="34" type="stmt" count="0"/>
        <line num="35" type="stmt" count="0"/>
        <line num="37" type="stmt" count="0"/>
        <line num="40" type="method" name="notifyPickupReady" visibility="public" complexity="1" crap="2" count="0"/>
        <line num="42" type="stmt" count="0"/>
        <line num="43" type="stmt" count="0"/>
        <line num="44" type="stmt" count="0"/>
        <line num="46" type="stmt" count="0"/>
        <line num="49" type="method" name="notifyPickupOverdue" visibility="public" complexity="1" crap="2" count="0"/>
        <line num="51" type="stmt" count="0"/>
        <line num="52" type="stmt" count="0"/>
        <line num="53" type="stmt" count="0"/>
        <line num="54" type="stmt" count="0"/>
        <line num="56" type="stmt" count="0"/>
        <metrics loc="59" ncloc="58" classes="1" methods="5" coveredmethods="0" conditionals="0" coveredconditionals="0" statements="23" coveredstatements="0" elements="28" coveredelements="0"/>
      </file>
      <file name="/home/candido/Projects/15SOAT-Fase1/app/Services/StubPaymentService.php">
        <class name="App\Services\StubPaymentService" namespace="App\Services">
          <metrics complexity="1" methods="1" coveredmethods="1" conditionals="0" coveredconditionals="0" statements="5" coveredstatements="5" elements="6" coveredelements="6"/>
        </class>
        <line num="11" type="method" name="processPayment" visibility="public" complexity="1" crap="1" count="2"/>
        <line num="14" type="stmt" count="2"/>
        <line num="15" type="stmt" count="2"/>
        <line num="16" type="stmt" count="2"/>
        <line num="17" type="stmt" count="2"/>
        <line num="18" type="stmt" count="2"/>
        <metrics loc="21" ncloc="20" classes="1" methods="1" coveredmethods="1" conditionals="0" coveredconditionals="0" statements="5" coveredstatements="5" elements="6" coveredelements="6"/>
      </file>
    </package>
    <metrics files="53" loc="2978" ncloc="2946" classes="46" methods="149" coveredmethods="108" conditionals="0" coveredconditionals="0" statements="733" coveredstatements="647" elements="882" coveredelements="755"/>
  </project>
</coverage>
