<?xml version="1.0" encoding="UTF-8"?>
<testsuites>
  <testsuite name="/home/candido/Projects/15SOAT-Fase1/phpunit.xml" tests="131" assertions="286" errors="0" failures="0" skipped="0" time="7.226265">
    <testsuite name="Unit" tests="55" assertions="89" errors="0" failures="0" skipped="0" time="1.994094">
      <testsuite name="Tests\Unit\ApproveBudgetTest" file="/home/candido/Projects/15SOAT-Fase1/tests/Unit/ApproveBudgetTest.php" tests="4" assertions="4" errors="0" failures="0" skipped="0" time="0.460203">
        <testcase name="test_approves_order_awaiting_approval" file="/home/candido/Projects/15SOAT-Fase1/tests/Unit/ApproveBudgetTest.php" line="38" class="Tests\Unit\ApproveBudgetTest" classname="Tests.Unit.ApproveBudgetTest" assertions="1" time="0.330785"/>
        <testcase name="test_rejects_order_awaiting_approval" file="/home/candido/Projects/15SOAT-Fase1/tests/Unit/ApproveBudgetTest.php" line="47" class="Tests\Unit\ApproveBudgetTest" classname="Tests.Unit.ApproveBudgetTest" assertions="1" time="0.051919"/>
        <testcase name="test_throws_when_order_does_not_exist" file="/home/candido/Projects/15SOAT-Fase1/tests/Unit/ApproveBudgetTest.php" line="56" class="Tests\Unit\ApproveBudgetTest" classname="Tests.Unit.ApproveBudgetTest" assertions="1" time="0.034201"/>
        <testcase name="test_throws_when_order_is_not_awaiting_approval" file="/home/candido/Projects/15SOAT-Fase1/tests/Unit/ApproveBudgetTest.php" line="62" class="Tests\Unit\ApproveBudgetTest" classname="Tests.Unit.ApproveBudgetTest" assertions="1" time="0.043298"/>
      </testsuite>
      <testsuite name="Tests\Unit\EloquentServiceOrderRepositoryTest" file="/home/candido/Projects/15SOAT-Fase1/tests/Unit/EloquentServiceOrderRepositoryTest.php" tests="6" assertions="9" errors="0" failures="0" skipped="0" time="0.289798">
        <testcase name="test_find_by_id_returns_null_when_not_found" file="/home/candido/Projects/15SOAT-Fase1/tests/Unit/EloquentServiceOrderRepositoryTest.php" line="25" class="Tests\Unit\EloquentServiceOrderRepositoryTest" classname="Tests.Unit.EloquentServiceOrderRepositoryTest" assertions="1" time="0.046402"/>
        <testcase name="test_find_by_id_returns_existing_order" file="/home/candido/Projects/15SOAT-Fase1/tests/Unit/EloquentServiceOrderRepositoryTest.php" line="30" class="Tests\Unit\EloquentServiceOrderRepositoryTest" classname="Tests.Unit.EloquentServiceOrderRepositoryTest" assertions="2" time="0.064342"/>
        <testcase name="test_find_by_number_returns_null_when_not_found" file="/home/candido/Projects/15SOAT-Fase1/tests/Unit/EloquentServiceOrderRepositoryTest.php" line="45" class="Tests\Unit\EloquentServiceOrderRepositoryTest" classname="Tests.Unit.EloquentServiceOrderRepositoryTest" assertions="1" time="0.035482"/>
        <testcase name="test_find_by_number_returns_existing_order" file="/home/candido/Projects/15SOAT-Fase1/tests/Unit/EloquentServiceOrderRepositoryTest.php" line="50" class="Tests\Unit\EloquentServiceOrderRepositoryTest" classname="Tests.Unit.EloquentServiceOrderRepositoryTest" assertions="2" time="0.050109"/>
        <testcase name="test_create_persists_a_new_order" file="/home/candido/Projects/15SOAT-Fase1/tests/Unit/EloquentServiceOrderRepositoryTest.php" line="65" class="Tests\Unit\EloquentServiceOrderRepositoryTest" classname="Tests.Unit.EloquentServiceOrderRepositoryTest" assertions="2" time="0.046609"/>
        <testcase name="test_save_persists_changes_to_an_existing_order" file="/home/candido/Projects/15SOAT-Fase1/tests/Unit/EloquentServiceOrderRepositoryTest.php" line="80" class="Tests\Unit\EloquentServiceOrderRepositoryTest" classname="Tests.Unit.EloquentServiceOrderRepositoryTest" assertions="1" time="0.046854"/>
      </testsuite>
      <testsuite name="Tests\Unit\ExampleTest" file="/home/candido/Projects/15SOAT-Fase1/tests/Unit/ExampleTest.php" tests="1" assertions="1" errors="0" failures="0" skipped="0" time="0.016213">
        <testcase name="test_that_true_is_true" file="/home/candido/Projects/15SOAT-Fase1/tests/Unit/ExampleTest.php" line="12" class="Tests\Unit\ExampleTest" classname="Tests.Unit.ExampleTest" assertions="1" time="0.016213"/>
      </testsuite>
      <testsuite name="Tests\Unit\GetServiceOrderStatusTest" file="/home/candido/Projects/15SOAT-Fase1/tests/Unit/GetServiceOrderStatusTest.php" tests="2" assertions="3" errors="0" failures="0" skipped="0" time="0.128187">
        <testcase name="test_returns_the_order_with_its_current_status" file="/home/candido/Projects/15SOAT-Fase1/tests/Unit/GetServiceOrderStatusTest.php" line="26" class="Tests\Unit\GetServiceOrderStatusTest" classname="Tests.Unit.GetServiceOrderStatusTest" assertions="2" time="0.084007"/>
        <testcase name="test_throws_when_order_does_not_exist" file="/home/candido/Projects/15SOAT-Fase1/tests/Unit/GetServiceOrderStatusTest.php" line="41" class="Tests\Unit\GetServiceOrderStatusTest" classname="Tests.Unit.GetServiceOrderStatusTest" assertions="1" time="0.044180"/>
      </testsuite>
      <testsuite name="Tests\Unit\ItemModelTest" file="/home/candido/Projects/15SOAT-Fase1/tests/Unit/ItemModelTest.php" tests="3" assertions="5" errors="0" failures="0" skipped="0" time="0.017280">
        <testcase name="test_has_stock_returns_true_when_sufficient" file="/home/candido/Projects/15SOAT-Fase1/tests/Unit/ItemModelTest.php" line="10" class="Tests\Unit\ItemModelTest" classname="Tests.Unit.ItemModelTest" assertions="2" time="0.009708"/>
        <testcase name="test_has_stock_returns_false_when_insufficient" file="/home/candido/Projects/15SOAT-Fase1/tests/Unit/ItemModelTest.php" line="17" class="Tests\Unit\ItemModelTest" classname="Tests.Unit.ItemModelTest" assertions="1" time="0.004129"/>
        <testcase name="test_has_stock_with_zero" file="/home/candido/Projects/15SOAT-Fase1/tests/Unit/ItemModelTest.php" line="23" class="Tests\Unit\ItemModelTest" classname="Tests.Unit.ItemModelTest" assertions="2" time="0.003443"/>
      </testsuite>
      <testsuite name="Tests\Unit\ListServiceOrdersTest" file="/home/candido/Projects/15SOAT-Fase1/tests/Unit/ListServiceOrdersTest.php" tests="3" assertions="4" errors="0" failures="0" skipped="0" time="0.133672">
        <testcase name="test_excluded_statuses_are_finalized_and_delivered" file="/home/candido/Projects/15SOAT-Fase1/tests/Unit/ListServiceOrdersTest.php" line="23" class="Tests\Unit\ListServiceOrdersTest" classname="Tests.Unit.ListServiceOrdersTest" assertions="1" time="0.051364"/>
        <testcase name="test_sorts_by_status_priority" file="/home/candido/Projects/15SOAT-Fase1/tests/Unit/ListServiceOrdersTest.php" line="31" class="Tests\Unit\ListServiceOrdersTest" classname="Tests.Unit.ListServiceOrdersTest" assertions="1" time="0.041384"/>
        <testcase name="test_sorts_oldest_first_within_the_same_priority" file="/home/candido/Projects/15SOAT-Fase1/tests/Unit/ListServiceOrdersTest.php" line="46" class="Tests\Unit\ListServiceOrdersTest" classname="Tests.Unit.ListServiceOrdersTest" assertions="2" time="0.040924"/>
      </testsuite>
      <testsuite name="Tests\Unit\OpenServiceOrderTest" file="/home/candido/Projects/15SOAT-Fase1/tests/Unit/OpenServiceOrderTest.php" tests="3" assertions="5" errors="0" failures="0" skipped="0" time="0.188718">
        <testcase name="test_creates_order_with_received_status" file="/home/candido/Projects/15SOAT-Fase1/tests/Unit/OpenServiceOrderTest.php" line="43" class="Tests\Unit\OpenServiceOrderTest" classname="Tests.Unit.OpenServiceOrderTest" assertions="2" time="0.060607"/>
        <testcase name="test_attaches_manually_informed_items" file="/home/candido/Projects/15SOAT-Fase1/tests/Unit/OpenServiceOrderTest.php" line="54" class="Tests\Unit\OpenServiceOrderTest" classname="Tests.Unit.OpenServiceOrderTest" assertions="1" time="0.061295"/>
        <testcase name="test_attaches_service_and_auto_includes_its_catalog_items" file="/home/candido/Projects/15SOAT-Fase1/tests/Unit/OpenServiceOrderTest.php" line="73" class="Tests\Unit\OpenServiceOrderTest" classname="Tests.Unit.OpenServiceOrderTest" assertions="2" time="0.066816"/>
      </testsuite>
      <testsuite name="Tests\Unit\SendFineNotificationJobTest" file="/home/candido/Projects/15SOAT-Fase1/tests/Unit/SendFineNotificationJobTest.php" tests="2" assertions="2" errors="0" failures="0" skipped="0" time="0.112518">
        <testcase name="test_job_notifies_overdue_orders" file="/home/candido/Projects/15SOAT-Fase1/tests/Unit/SendFineNotificationJobTest.php" line="18" class="Tests\Unit\SendFineNotificationJobTest" classname="Tests.Unit.SendFineNotificationJobTest" assertions="1" time="0.066268"/>
        <testcase name="test_job_does_not_notify_paid_orders" file="/home/candido/Projects/15SOAT-Fase1/tests/Unit/SendFineNotificationJobTest.php" line="46" class="Tests\Unit\SendFineNotificationJobTest" classname="Tests.Unit.SendFineNotificationJobTest" assertions="1" time="0.046250"/>
      </testsuite>
      <testsuite name="Tests\Unit\ServiceOrderModelTest" file="/home/candido/Projects/15SOAT-Fase1/tests/Unit/ServiceOrderModelTest.php" tests="8" assertions="10" errors="0" failures="0" skipped="0" time="0.328911">
        <testcase name="test_generate_number_format" file="/home/candido/Projects/15SOAT-Fase1/tests/Unit/ServiceOrderModelTest.php" line="18" class="Tests\Unit\ServiceOrderModelTest" classname="Tests.Unit.ServiceOrderModelTest" assertions="1" time="0.037896"/>
        <testcase name="test_generate_number_increments" file="/home/candido/Projects/15SOAT-Fase1/tests/Unit/ServiceOrderModelTest.php" line="24" class="Tests\Unit\ServiceOrderModelTest" classname="Tests.Unit.ServiceOrderModelTest" assertions="1" time="0.045679"/>
        <testcase name="test_is_paid_returns_false_when_null" file="/home/candido/Projects/15SOAT-Fase1/tests/Unit/ServiceOrderModelTest.php" line="35" class="Tests\Unit\ServiceOrderModelTest" classname="Tests.Unit.ServiceOrderModelTest" assertions="1" time="0.033777"/>
        <testcase name="test_is_paid_returns_true_when_set" file="/home/candido/Projects/15SOAT-Fase1/tests/Unit/ServiceOrderModelTest.php" line="42" class="Tests\Unit\ServiceOrderModelTest" classname="Tests.Unit.ServiceOrderModelTest" assertions="1" time="0.047689"/>
        <testcase name="test_is_finalized" file="/home/candido/Projects/15SOAT-Fase1/tests/Unit/ServiceOrderModelTest.php" line="55" class="Tests\Unit\ServiceOrderModelTest" classname="Tests.Unit.ServiceOrderModelTest" assertions="2" time="0.035596"/>
        <testcase name="test_is_deliverable_requires_finalized_and_paid" file="/home/candido/Projects/15SOAT-Fase1/tests/Unit/ServiceOrderModelTest.php" line="65" class="Tests\Unit\ServiceOrderModelTest" classname="Tests.Unit.ServiceOrderModelTest" assertions="2" time="0.050412"/>
        <testcase name="test_calculate_total_sums_services_and_items" file="/home/candido/Projects/15SOAT-Fase1/tests/Unit/ServiceOrderModelTest.php" line="81" class="Tests\Unit\ServiceOrderModelTest" classname="Tests.Unit.ServiceOrderModelTest" assertions="1" time="0.044304"/>
        <testcase name="test_hours_since_finalized_returns_null_if_not_finalized" file="/home/candido/Projects/15SOAT-Fase1/tests/Unit/ServiceOrderModelTest.php" line="95" class="Tests\Unit\ServiceOrderModelTest" classname="Tests.Unit.ServiceOrderModelTest" assertions="1" time="0.033560"/>
      </testsuite>
      <testsuite name="Tests\Unit\ServiceOrderPolicyTest" file="/home/candido/Projects/15SOAT-Fase1/tests/Unit/ServiceOrderPolicyTest.php" tests="7" assertions="16" errors="0" failures="0" skipped="0" time="0.030939">
        <testcase name="test_can_modify_items_only_in_received_or_in_diagnosis" file="/home/candido/Projects/15SOAT-Fase1/tests/Unit/ServiceOrderPolicyTest.php" line="11" class="Tests\Unit\ServiceOrderPolicyTest" classname="Tests.Unit.ServiceOrderPolicyTest" assertions="4" time="0.016008"/>
        <testcase name="test_can_generate_budget_only_in_diagnosis" file="/home/candido/Projects/15SOAT-Fase1/tests/Unit/ServiceOrderPolicyTest.php" line="19" class="Tests\Unit\ServiceOrderPolicyTest" classname="Tests.Unit.ServiceOrderPolicyTest" assertions="2" time="0.002448"/>
        <testcase name="test_can_approve_only_awaiting_approval" file="/home/candido/Projects/15SOAT-Fase1/tests/Unit/ServiceOrderPolicyTest.php" line="25" class="Tests\Unit\ServiceOrderPolicyTest" classname="Tests.Unit.ServiceOrderPolicyTest" assertions="2" time="0.002287"/>
        <testcase name="test_can_cancel_only_awaiting_approval" file="/home/candido/Projects/15SOAT-Fase1/tests/Unit/ServiceOrderPolicyTest.php" line="31" class="Tests\Unit\ServiceOrderPolicyTest" classname="Tests.Unit.ServiceOrderPolicyTest" assertions="2" time="0.002457"/>
        <testcase name="test_can_start_execution_only_approved" file="/home/candido/Projects/15SOAT-Fase1/tests/Unit/ServiceOrderPolicyTest.php" line="37" class="Tests\Unit\ServiceOrderPolicyTest" classname="Tests.Unit.ServiceOrderPolicyTest" assertions="2" time="0.002293"/>
        <testcase name="test_can_finalize_only_in_execution" file="/home/candido/Projects/15SOAT-Fase1/tests/Unit/ServiceOrderPolicyTest.php" line="43" class="Tests\Unit\ServiceOrderPolicyTest" classname="Tests.Unit.ServiceOrderPolicyTest" assertions="2" time="0.003190"/>
        <testcase name="test_can_pay_only_finalized" file="/home/candido/Projects/15SOAT-Fase1/tests/Unit/ServiceOrderPolicyTest.php" line="49" class="Tests\Unit\ServiceOrderPolicyTest" classname="Tests.Unit.ServiceOrderPolicyTest" assertions="2" time="0.002256"/>
      </testsuite>
      <testsuite name="Tests\Unit\ServiceOrderStatusTest" file="/home/candido/Projects/15SOAT-Fase1/tests/Unit/ServiceOrderStatusTest.php" tests="8" assertions="16" errors="0" failures="0" skipped="0" time="0.029063">
        <testcase name="test_received_can_transition_to_in_diagnosis" file="/home/candido/Projects/15SOAT-Fase1/tests/Unit/ServiceOrderStatusTest.php" line="10" class="Tests\Unit\ServiceOrderStatusTest" classname="Tests.Unit.ServiceOrderStatusTest" assertions="1" time="0.012319"/>
        <testcase name="test_received_cannot_transition_to_approved" file="/home/candido/Projects/15SOAT-Fase1/tests/Unit/ServiceOrderStatusTest.php" line="15" class="Tests\Unit\ServiceOrderStatusTest" classname="Tests.Unit.ServiceOrderStatusTest" assertions="1" time="0.002171"/>
        <testcase name="test_in_diagnosis_can_transition_to_awaiting_approval" file="/home/candido/Projects/15SOAT-Fase1/tests/Unit/ServiceOrderStatusTest.php" line="20" class="Tests\Unit\ServiceOrderStatusTest" classname="Tests.Unit.ServiceOrderStatusTest" assertions="1" time="0.002145"/>
        <testcase name="test_awaiting_approval_can_transition_to_approved_or_cancelled" file="/home/candido/Projects/15SOAT-Fase1/tests/Unit/ServiceOrderStatusTest.php" line="25" class="Tests\Unit\ServiceOrderStatusTest" classname="Tests.Unit.ServiceOrderStatusTest" assertions="2" time="0.002069"/>
        <testcase name="test_cancelled_has_no_transitions" file="/home/candido/Projects/15SOAT-Fase1/tests/Unit/ServiceOrderStatusTest.php" line="31" class="Tests\Unit\ServiceOrderStatusTest" classname="Tests.Unit.ServiceOrderStatusTest" assertions="1" time="0.002284"/>
        <testcase name="test_delivered_has_no_transitions" file="/home/candido/Projects/15SOAT-Fase1/tests/Unit/ServiceOrderStatusTest.php" line="36" class="Tests\Unit\ServiceOrderStatusTest" classname="Tests.Unit.ServiceOrderStatusTest" assertions="1" time="0.003059"/>
        <testcase name="test_finalized_can_transition_to_delivered" file="/home/candido/Projects/15SOAT-Fase1/tests/Unit/ServiceOrderStatusTest.php" line="41" class="Tests\Unit\ServiceOrderStatusTest" classname="Tests.Unit.ServiceOrderStatusTest" assertions="1" time="0.002555"/>
        <testcase name="test_label_returns_portuguese_string" file="/home/candido/Projects/15SOAT-Fase1/tests/Unit/ServiceOrderStatusTest.php" line="46" class="Tests\Unit\ServiceOrderStatusTest" classname="Tests.Unit.ServiceOrderStatusTest" assertions="8" time="0.002462"/>
      </testsuite>
      <testsuite name="Tests\Unit\StubEmailStatusUpdateServiceTest" file="/home/candido/Projects/15SOAT-Fase1/tests/Unit/StubEmailStatusUpdateServiceTest.php" tests="3" assertions="3" errors="0" failures="0" skipped="0" time="0.152460">
        <testcase name="test_approves_via_email_simulated_decision" file="/home/candido/Projects/15SOAT-Fase1/tests/Unit/StubEmailStatusUpdateServiceTest.php" line="29" class="Tests\Unit\StubEmailStatusUpdateServiceTest" classname="Tests.Unit.StubEmailStatusUpdateServiceTest" assertions="1" time="0.067387"/>
        <testcase name="test_rejects_via_email_simulated_decision" file="/home/candido/Projects/15SOAT-Fase1/tests/Unit/StubEmailStatusUpdateServiceTest.php" line="43" class="Tests\Unit\StubEmailStatusUpdateServiceTest" classname="Tests.Unit.StubEmailStatusUpdateServiceTest" assertions="1" time="0.047934"/>
        <testcase name="test_throws_for_unknown_decision" file="/home/candido/Projects/15SOAT-Fase1/tests/Unit/StubEmailStatusUpdateServiceTest.php" line="57" class="Tests\Unit\StubEmailStatusUpdateServiceTest" classname="Tests.Unit.StubEmailStatusUpdateServiceTest" assertions="1" time="0.037139"/>
      </testsuite>
      <testsuite name="Tests\Unit\StubPaymentServiceTest" file="/home/candido/Projects/15SOAT-Fase1/tests/Unit/StubPaymentServiceTest.php" tests="2" assertions="4" errors="0" failures="0" skipped="0" time="0.095256">
        <testcase name="test_process_payment_returns_success" file="/home/candido/Projects/15SOAT-Fase1/tests/Unit/StubPaymentServiceTest.php" line="16" class="Tests\Unit\StubPaymentServiceTest" classname="Tests.Unit.StubPaymentServiceTest" assertions="3" time="0.050834"/>
        <testcase name="test_transaction_id_is_unique" file="/home/candido/Projects/15SOAT-Fase1/tests/Unit/StubPaymentServiceTest.php" line="34" class="Tests\Unit\StubPaymentServiceTest" classname="Tests.Unit.StubPaymentServiceTest" assertions="1" time="0.044422"/>
      </testsuite>
      <testsuite name="Tests\Unit\UserRoleTest" file="/home/candido/Projects/15SOAT-Fase1/tests/Unit/UserRoleTest.php" tests="3" assertions="7" errors="0" failures="0" skipped="0" time="0.010876">
        <testcase name="test_label_returns_portuguese" file="/home/candido/Projects/15SOAT-Fase1/tests/Unit/UserRoleTest.php" line="10" class="Tests\Unit\UserRoleTest" classname="Tests.Unit.UserRoleTest" assertions="3" time="0.006097"/>
        <testcase name="test_values_are_strings" file="/home/candido/Projects/15SOAT-Fase1/tests/Unit/UserRoleTest.php" line="17" class="Tests\Unit\UserRoleTest" classname="Tests.Unit.UserRoleTest" assertions="3" time="0.002622"/>
        <testcase name="test_from_string" file="/home/candido/Projects/15SOAT-Fase1/tests/Unit/UserRoleTest.php" line="24" class="Tests\Unit\UserRoleTest" classname="Tests.Unit.UserRoleTest" assertions="1" time="0.002157"/>
      </testsuite>
    </testsuite>
    <testsuite name="Feature" tests="76" assertions="197" errors="0" failures="0" skipped="0" time="5.232171">
      <testsuite name="Tests\Feature\AuthTest" file="/home/candido/Projects/15SOAT-Fase1/tests/Feature/AuthTest.php" tests="4" assertions="10" errors="0" failures="0" skipped="0" time="0.463970">
        <testcase name="test_login_returns_token_on_valid_credentials" file="/home/candido/Projects/15SOAT-Fase1/tests/Feature/AuthTest.php" line="13" class="Tests\Feature\AuthTest" classname="Tests.Feature.AuthTest" assertions="4" time="0.105627"/>
        <testcase name="test_login_fails_on_wrong_password" file="/home/candido/Projects/15SOAT-Fase1/tests/Feature/AuthTest.php" line="26" class="Tests\Feature\AuthTest" classname="Tests.Feature.AuthTest" assertions="1" time="0.242835"/>
        <testcase name="test_logout_revokes_token" file="/home/candido/Projects/15SOAT-Fase1/tests/Feature/AuthTest.php" line="36" class="Tests\Feature\AuthTest" classname="Tests.Feature.AuthTest" assertions="3" time="0.063861"/>
        <testcase name="test_me_returns_authenticated_user" file="/home/candido/Projects/15SOAT-Fase1/tests/Feature/AuthTest.php" line="50" class="Tests\Feature\AuthTest" classname="Tests.Feature.AuthTest" assertions="2" time="0.051647"/>
      </testsuite>
      <testsuite name="Tests\Feature\ClientTest" file="/home/candido/Projects/15SOAT-Fase1/tests/Feature/ClientTest.php" tests="8" assertions="14" errors="0" failures="0" skipped="0" time="0.426670">
        <testcase name="test_receptionist_can_list_clients" file="/home/candido/Projects/15SOAT-Fase1/tests/Feature/ClientTest.php" line="21" class="Tests\Feature\ClientTest" classname="Tests.Feature.ClientTest" assertions="2" time="0.072889"/>
        <testcase name="test_receptionist_can_create_client" file="/home/candido/Projects/15SOAT-Fase1/tests/Feature/ClientTest.php" line="31" class="Tests\Feature\ClientTest" classname="Tests.Feature.ClientTest" assertions="2" time="0.052420"/>
        <testcase name="test_client_cannot_access_clients_list" file="/home/candido/Projects/15SOAT-Fase1/tests/Feature/ClientTest.php" line="45" class="Tests\Feature\ClientTest" classname="Tests.Feature.ClientTest" assertions="1" time="0.048744"/>
        <testcase name="test_receptionist_can_search_client_by_cpf" file="/home/candido/Projects/15SOAT-Fase1/tests/Feature/ClientTest.php" line="54" class="Tests\Feature\ClientTest" classname="Tests.Feature.ClientTest" assertions="2" time="0.055941"/>
        <testcase name="test_receptionist_can_update_client" file="/home/candido/Projects/15SOAT-Fase1/tests/Feature/ClientTest.php" line="65" class="Tests\Feature\ClientTest" classname="Tests.Feature.ClientTest" assertions="2" time="0.050427"/>
        <testcase name="test_receptionist_can_delete_client" file="/home/candido/Projects/15SOAT-Fase1/tests/Feature/ClientTest.php" line="75" class="Tests\Feature\ClientTest" classname="Tests.Feature.ClientTest" assertions="3" time="0.046769"/>
        <testcase name="test_unauthenticated_cannot_access_clients" file="/home/candido/Projects/15SOAT-Fase1/tests/Feature/ClientTest.php" line="86" class="Tests\Feature\ClientTest" classname="Tests.Feature.ClientTest" assertions="1" time="0.045503"/>
        <testcase name="test_store_validates_required_fields" file="/home/candido/Projects/15SOAT-Fase1/tests/Feature/ClientTest.php" line="91" class="Tests\Feature\ClientTest" classname="Tests.Feature.ClientTest" assertions="1" time="0.053977"/>
      </testsuite>
      <testsuite name="Tests\Feature\ExampleTest" file="/home/candido/Projects/15SOAT-Fase1/tests/Feature/ExampleTest.php" tests="1" assertions="1" errors="0" failures="0" skipped="0" time="0.082165">
        <testcase name="test_the_application_returns_a_successful_response" file="/home/candido/Projects/15SOAT-Fase1/tests/Feature/ExampleTest.php" line="13" class="Tests\Feature\ExampleTest" classname="Tests.Feature.ExampleTest" assertions="1" time="0.082165"/>
      </testsuite>
      <testsuite name="Tests\Feature\ItemTest" file="/home/candido/Projects/15SOAT-Fase1/tests/Feature/ItemTest.php" tests="11" assertions="26" errors="0" failures="0" skipped="0" time="0.582282">
        <testcase name="test_mechanic_can_list_items" file="/home/candido/Projects/15SOAT-Fase1/tests/Feature/ItemTest.php" line="22" class="Tests\Feature\ItemTest" classname="Tests.Feature.ItemTest" assertions="2" time="0.062660"/>
        <testcase name="test_mechanic_can_filter_items_by_type" file="/home/candido/Projects/15SOAT-Fase1/tests/Feature/ItemTest.php" line="32" class="Tests\Feature\ItemTest" classname="Tests.Feature.ItemTest" assertions="2" time="0.067687"/>
        <testcase name="test_mechanic_can_create_item_as_supply" file="/home/candido/Projects/15SOAT-Fase1/tests/Feature/ItemTest.php" line="43" class="Tests\Feature\ItemTest" classname="Tests.Feature.ItemTest" assertions="4" time="0.056160"/>
        <testcase name="test_mechanic_can_create_item_as_part" file="/home/candido/Projects/15SOAT-Fase1/tests/Feature/ItemTest.php" line="58" class="Tests\Feature\ItemTest" classname="Tests.Feature.ItemTest" assertions="3" time="0.056154"/>
        <testcase name="test_store_fails_without_type" file="/home/candido/Projects/15SOAT-Fase1/tests/Feature/ItemTest.php" line="73" class="Tests\Feature\ItemTest" classname="Tests.Feature.ItemTest" assertions="3" time="0.044415"/>
        <testcase name="test_store_fails_with_invalid_type" file="/home/candido/Projects/15SOAT-Fase1/tests/Feature/ItemTest.php" line="84" class="Tests\Feature\ItemTest" classname="Tests.Feature.ItemTest" assertions="3" time="0.046934"/>
        <testcase name="test_mechanic_can_update_stock" file="/home/candido/Projects/15SOAT-Fase1/tests/Feature/ItemTest.php" line="96" class="Tests\Feature\ItemTest" classname="Tests.Feature.ItemTest" assertions="2" time="0.052082"/>
        <testcase name="test_mechanic_can_update_type" file="/home/candido/Projects/15SOAT-Fase1/tests/Feature/ItemTest.php" line="106" class="Tests\Feature\ItemTest" classname="Tests.Feature.ItemTest" assertions="2" time="0.051891"/>
        <testcase name="test_filter_low_stock" file="/home/candido/Projects/15SOAT-Fase1/tests/Feature/ItemTest.php" line="116" class="Tests\Feature\ItemTest" classname="Tests.Feature.ItemTest" assertions="2" time="0.056638"/>
        <testcase name="test_mechanic_can_delete_item" file="/home/candido/Projects/15SOAT-Fase1/tests/Feature/ItemTest.php" line="127" class="Tests\Feature\ItemTest" classname="Tests.Feature.ItemTest" assertions="2" time="0.045551"/>
        <testcase name="test_client_cannot_access_items" file="/home/candido/Projects/15SOAT-Fase1/tests/Feature/ItemTest.php" line="136" class="Tests\Feature\ItemTest" classname="Tests.Feature.ItemTest" assertions="1" time="0.042111"/>
      </testsuite>
      <testsuite name="Tests\Feature\ServiceOrderTest" file="/home/candido/Projects/15SOAT-Fase1/tests/Feature/ServiceOrderTest.php" tests="28" assertions="73" errors="0" failures="0" skipped="0" time="2.170125">
        <testcase name="test_mechanic_can_create_service_order" file="/home/candido/Projects/15SOAT-Fase1/tests/Feature/ServiceOrderTest.php" line="45" class="Tests\Feature\ServiceOrderTest" classname="Tests.Feature.ServiceOrderTest" assertions="7" time="0.085915"/>
        <testcase name="test_mechanic_can_create_service_order_with_services_and_items" file="/home/candido/Projects/15SOAT-Fase1/tests/Feature/ServiceOrderTest.php" line="61" class="Tests\Feature\ServiceOrderTest" classname="Tests.Feature.ServiceOrderTest" assertions="9" time="0.090150"/>
        <testcase name="test_client_cannot_create_service_order" file="/home/candido/Projects/15SOAT-Fase1/tests/Feature/ServiceOrderTest.php" line="97" class="Tests\Feature\ServiceOrderTest" classname="Tests.Feature.ServiceOrderTest" assertions="1" time="0.048551"/>
        <testcase name="test_mechanic_can_check_order_status" file="/home/candido/Projects/15SOAT-Fase1/tests/Feature/ServiceOrderTest.php" line="107" class="Tests\Feature\ServiceOrderTest" classname="Tests.Feature.ServiceOrderTest" assertions="2" time="0.057366"/>
        <testcase name="test_other_client_cannot_check_order_status" file="/home/candido/Projects/15SOAT-Fase1/tests/Feature/ServiceOrderTest.php" line="126" class="Tests\Feature\ServiceOrderTest" classname="Tests.Feature.ServiceOrderTest" assertions="1" time="0.059024"/>
        <testcase name="test_check_status_returns_404_when_order_missing" file="/home/candido/Projects/15SOAT-Fase1/tests/Feature/ServiceOrderTest.php" line="139" class="Tests\Feature\ServiceOrderTest" classname="Tests.Feature.ServiceOrderTest" assertions="1" time="0.062233"/>
        <testcase name="test_mechanic_can_add_service_to_order" file="/home/candido/Projects/15SOAT-Fase1/tests/Feature/ServiceOrderTest.php" line="146" class="Tests\Feature\ServiceOrderTest" classname="Tests.Feature.ServiceOrderTest" assertions="2" time="0.091629"/>
        <testcase name="test_add_service_auto_creates_required_items" file="/home/candido/Projects/15SOAT-Fase1/tests/Feature/ServiceOrderTest.php" line="167" class="Tests\Feature\ServiceOrderTest" classname="Tests.Feature.ServiceOrderTest" assertions="4" time="0.088305"/>
        <testcase name="test_add_service_merges_duplicate_items_from_multiple_services" file="/home/candido/Projects/15SOAT-Fase1/tests/Feature/ServiceOrderTest.php" line="200" class="Tests\Feature\ServiceOrderTest" classname="Tests.Feature.ServiceOrderTest" assertions="3" time="0.132329"/>
        <testcase name="test_mechanic_can_add_item_manually" file="/home/candido/Projects/15SOAT-Fase1/tests/Feature/ServiceOrderTest.php" line="228" class="Tests\Feature\ServiceOrderTest" classname="Tests.Feature.ServiceOrderTest" assertions="3" time="0.083990"/>
        <testcase name="test_mechanic_can_remove_item_from_order" file="/home/candido/Projects/15SOAT-Fase1/tests/Feature/ServiceOrderTest.php" line="251" class="Tests\Feature\ServiceOrderTest" classname="Tests.Feature.ServiceOrderTest" assertions="2" time="0.082595"/>
        <testcase name="test_cannot_add_item_in_invalid_status" file="/home/candido/Projects/15SOAT-Fase1/tests/Feature/ServiceOrderTest.php" line="272" class="Tests\Feature\ServiceOrderTest" classname="Tests.Feature.ServiceOrderTest" assertions="1" time="0.067474"/>
        <testcase name="test_items_response_includes_requested_and_total_quantity" file="/home/candido/Projects/15SOAT-Fase1/tests/Feature/ServiceOrderTest.php" line="288" class="Tests\Feature\ServiceOrderTest" classname="Tests.Feature.ServiceOrderTest" assertions="3" time="0.078015"/>
        <testcase name="test_full_flow_generate_budget_advances_status" file="/home/candido/Projects/15SOAT-Fase1/tests/Feature/ServiceOrderTest.php" line="309" class="Tests\Feature\ServiceOrderTest" classname="Tests.Feature.ServiceOrderTest" assertions="3" time="0.080691"/>
        <testcase name="test_generate_budget_fails_if_not_in_diagnosis" file="/home/candido/Projects/15SOAT-Fase1/tests/Feature/ServiceOrderTest.php" line="332" class="Tests\Feature\ServiceOrderTest" classname="Tests.Feature.ServiceOrderTest" assertions="1" time="0.065803"/>
        <testcase name="test_client_can_approve_order" file="/home/candido/Projects/15SOAT-Fase1/tests/Feature/ServiceOrderTest.php" line="344" class="Tests\Feature\ServiceOrderTest" classname="Tests.Feature.ServiceOrderTest" assertions="2" time="0.074447"/>
        <testcase name="test_client_can_cancel_order" file="/home/candido/Projects/15SOAT-Fase1/tests/Feature/ServiceOrderTest.php" line="357" class="Tests\Feature\ServiceOrderTest" classname="Tests.Feature.ServiceOrderTest" assertions="2" time="0.070137"/>
        <testcase name="test_other_client_cannot_approve_order" file="/home/candido/Projects/15SOAT-Fase1/tests/Feature/ServiceOrderTest.php" line="370" class="Tests\Feature\ServiceOrderTest" classname="Tests.Feature.ServiceOrderTest" assertions="1" time="0.065555"/>
        <testcase name="test_mechanic_can_start_execution" file="/home/candido/Projects/15SOAT-Fase1/tests/Feature/ServiceOrderTest.php" line="383" class="Tests\Feature\ServiceOrderTest" classname="Tests.Feature.ServiceOrderTest" assertions="2" time="0.068317"/>
        <testcase name="test_mechanic_can_finalize_order" file="/home/candido/Projects/15SOAT-Fase1/tests/Feature/ServiceOrderTest.php" line="396" class="Tests\Feature\ServiceOrderTest" classname="Tests.Feature.ServiceOrderTest" assertions="3" time="0.068190"/>
        <testcase name="test_client_can_pay_finalized_order" file="/home/candido/Projects/15SOAT-Fase1/tests/Feature/ServiceOrderTest.php" line="415" class="Tests\Feature\ServiceOrderTest" classname="Tests.Feature.ServiceOrderTest" assertions="4" time="0.075913"/>
        <testcase name="test_receptionist_can_deliver_paid_order" file="/home/candido/Projects/15SOAT-Fase1/tests/Feature/ServiceOrderTest.php" line="439" class="Tests\Feature\ServiceOrderTest" classname="Tests.Feature.ServiceOrderTest" assertions="2" time="0.066535"/>
        <testcase name="test_receptionist_cannot_deliver_unpaid_order" file="/home/candido/Projects/15SOAT-Fase1/tests/Feature/ServiceOrderTest.php" line="453" class="Tests\Feature\ServiceOrderTest" classname="Tests.Feature.ServiceOrderTest" assertions="1" time="0.065594"/>
        <testcase name="test_client_sees_only_own_orders" file="/home/candido/Projects/15SOAT-Fase1/tests/Feature/ServiceOrderTest.php" line="466" class="Tests\Feature\ServiceOrderTest" classname="Tests.Feature.ServiceOrderTest" assertions="2" time="0.104406"/>
        <testcase name="test_mechanic_sees_all_orders" file="/home/candido/Projects/15SOAT-Fase1/tests/Feature/ServiceOrderTest.php" line="486" class="Tests\Feature\ServiceOrderTest" classname="Tests.Feature.ServiceOrderTest" assertions="2" time="0.095032"/>
        <testcase name="test_default_listing_excludes_finalized_and_delivered" file="/home/candido/Projects/15SOAT-Fase1/tests/Feature/ServiceOrderTest.php" line="499" class="Tests\Feature\ServiceOrderTest" classname="Tests.Feature.ServiceOrderTest" assertions="3" time="0.076179"/>
        <testcase name="test_default_listing_is_sorted_by_status_priority_then_oldest_first" file="/home/candido/Projects/15SOAT-Fase1/tests/Feature/ServiceOrderTest.php" line="521" class="Tests\Feature\ServiceOrderTest" classname="Tests.Feature.ServiceOrderTest" assertions="4" time="0.089378"/>
        <testcase name="test_explicit_status_filter_still_returns_finalized_orders" file="/home/candido/Projects/15SOAT-Fase1/tests/Feature/ServiceOrderTest.php" line="549" class="Tests\Feature\ServiceOrderTest" classname="Tests.Feature.ServiceOrderTest" assertions="2" time="0.076372"/>
      </testsuite>
      <testsuite name="Tests\Feature\ServiceTest" file="/home/candido/Projects/15SOAT-Fase1/tests/Feature/ServiceTest.php" tests="8" assertions="24" errors="0" failures="0" skipped="0" time="0.596736">
        <testcase name="test_mechanic_can_list_services" file="/home/candido/Projects/15SOAT-Fase1/tests/Feature/ServiceTest.php" line="24" class="Tests\Feature\ServiceTest" classname="Tests.Feature.ServiceTest" assertions="2" time="0.122826"/>
        <testcase name="test_mechanic_can_create_service" file="/home/candido/Projects/15SOAT-Fase1/tests/Feature/ServiceTest.php" line="34" class="Tests\Feature\ServiceTest" classname="Tests.Feature.ServiceTest" assertions="2" time="0.067479"/>
        <testcase name="test_mechanic_can_update_service" file="/home/candido/Projects/15SOAT-Fase1/tests/Feature/ServiceTest.php" line="46" class="Tests\Feature\ServiceTest" classname="Tests.Feature.ServiceTest" assertions="2" time="0.060451"/>
        <testcase name="test_mechanic_can_delete_service" file="/home/candido/Projects/15SOAT-Fase1/tests/Feature/ServiceTest.php" line="56" class="Tests\Feature\ServiceTest" classname="Tests.Feature.ServiceTest" assertions="2" time="0.047630"/>
        <testcase name="test_filter_active_services" file="/home/candido/Projects/15SOAT-Fase1/tests/Feature/ServiceTest.php" line="65" class="Tests\Feature\ServiceTest" classname="Tests.Feature.ServiceTest" assertions="2" time="0.060133"/>
        <testcase name="test_mechanic_can_create_service_with_items" file="/home/candido/Projects/15SOAT-Fase1/tests/Feature/ServiceTest.php" line="76" class="Tests\Feature\ServiceTest" classname="Tests.Feature.ServiceTest" assertions="5" time="0.087587"/>
        <testcase name="test_mechanic_can_update_service_items" file="/home/candido/Projects/15SOAT-Fase1/tests/Feature/ServiceTest.php" line="98" class="Tests\Feature\ServiceTest" classname="Tests.Feature.ServiceTest" assertions="6" time="0.083940"/>
        <testcase name="test_service_show_includes_items" file="/home/candido/Projects/15SOAT-Fase1/tests/Feature/ServiceTest.php" line="124" class="Tests\Feature\ServiceTest" classname="Tests.Feature.ServiceTest" assertions="3" time="0.066690"/>
      </testsuite>
      <testsuite name="Tests\Feature\StubEmailStatusUpdateServiceTest" file="/home/candido/Projects/15SOAT-Fase1/tests/Feature/StubEmailStatusUpdateServiceTest.php" tests="2" assertions="3" errors="0" failures="0" skipped="0" time="0.109582">
        <testcase name="test_container_resolves_the_stub_implementation" file="/home/candido/Projects/15SOAT-Fase1/tests/Feature/StubEmailStatusUpdateServiceTest.php" line="17" class="Tests\Feature\StubEmailStatusUpdateServiceTest" classname="Tests.Feature.StubEmailStatusUpdateServiceTest" assertions="1" time="0.056569"/>
        <testcase name="test_updates_order_status_reusing_the_webhook_transition" file="/home/candido/Projects/15SOAT-Fase1/tests/Feature/StubEmailStatusUpdateServiceTest.php" line="25" class="Tests\Feature\StubEmailStatusUpdateServiceTest" classname="Tests.Feature.StubEmailStatusUpdateServiceTest" assertions="2" time="0.053013"/>
      </testsuite>
      <testsuite name="Tests\Feature\VehicleTest" file="/home/candido/Projects/15SOAT-Fase1/tests/Feature/VehicleTest.php" tests="6" assertions="10" errors="0" failures="0" skipped="0" time="0.325955">
        <testcase name="test_mechanic_can_list_vehicles" file="/home/candido/Projects/15SOAT-Fase1/tests/Feature/VehicleTest.php" line="22" class="Tests\Feature\VehicleTest" classname="Tests.Feature.VehicleTest" assertions="2" time="0.063384"/>
        <testcase name="test_mechanic_can_create_vehicle" file="/home/candido/Projects/15SOAT-Fase1/tests/Feature/VehicleTest.php" line="32" class="Tests\Feature\VehicleTest" classname="Tests.Feature.VehicleTest" assertions="2" time="0.051317"/>
        <testcase name="test_mechanic_can_update_vehicle" file="/home/candido/Projects/15SOAT-Fase1/tests/Feature/VehicleTest.php" line="49" class="Tests\Feature\VehicleTest" classname="Tests.Feature.VehicleTest" assertions="2" time="0.059760"/>
        <testcase name="test_mechanic_can_delete_vehicle" file="/home/candido/Projects/15SOAT-Fase1/tests/Feature/VehicleTest.php" line="59" class="Tests\Feature\VehicleTest" classname="Tests.Feature.VehicleTest" assertions="2" time="0.057151"/>
        <testcase name="test_client_cannot_manage_vehicles" file="/home/candido/Projects/15SOAT-Fase1/tests/Feature/VehicleTest.php" line="68" class="Tests\Feature\VehicleTest" classname="Tests.Feature.VehicleTest" assertions="1" time="0.043579"/>
        <testcase name="test_plate_must_be_unique" file="/home/candido/Projects/15SOAT-Fase1/tests/Feature/VehicleTest.php" line="77" class="Tests\Feature\VehicleTest" classname="Tests.Feature.VehicleTest" assertions="1" time="0.050765"/>
      </testsuite>
      <testsuite name="Tests\Feature\WebhookTest" file="/home/candido/Projects/15SOAT-Fase1/tests/Feature/WebhookTest.php" tests="8" assertions="36" errors="0" failures="0" skipped="0" time="0.474686">
        <testcase name="test_webhook_returns_open_orders" file="/home/candido/Projects/15SOAT-Fase1/tests/Feature/WebhookTest.php" line="16" class="Tests\Feature\WebhookTest" classname="Tests.Feature.WebhookTest" assertions="23" time="0.078980"/>
        <testcase name="test_webhook_returns_empty_when_no_open_orders" file="/home/candido/Projects/15SOAT-Fase1/tests/Feature/WebhookTest.php" line="50" class="Tests\Feature\WebhookTest" classname="Tests.Feature.WebhookTest" assertions="2" time="0.037728"/>
        <testcase name="test_webhook_excludes_cancelled_and_delivered" file="/home/candido/Projects/15SOAT-Fase1/tests/Feature/WebhookTest.php" line="57" class="Tests\Feature\WebhookTest" classname="Tests.Feature.WebhookTest" assertions="2" time="0.052931"/>
        <testcase name="test_webhook_approves_budget" file="/home/candido/Projects/15SOAT-Fase1/tests/Feature/WebhookTest.php" line="77" class="Tests\Feature\WebhookTest" classname="Tests.Feature.WebhookTest" assertions="3" time="0.065300"/>
        <testcase name="test_webhook_rejects_budget" file="/home/candido/Projects/15SOAT-Fase1/tests/Feature/WebhookTest.php" line="96" class="Tests\Feature\WebhookTest" classname="Tests.Feature.WebhookTest" assertions="3" time="0.065775"/>
        <testcase name="test_webhook_budget_decision_fails_for_unknown_order" file="/home/candido/Projects/15SOAT-Fase1/tests/Feature/WebhookTest.php" line="115" class="Tests\Feature\WebhookTest" classname="Tests.Feature.WebhookTest" assertions="1" time="0.062691"/>
        <testcase name="test_webhook_budget_decision_fails_for_invalid_status" file="/home/candido/Projects/15SOAT-Fase1/tests/Feature/WebhookTest.php" line="123" class="Tests\Feature\WebhookTest" classname="Tests.Feature.WebhookTest" assertions="1" time="0.059963"/>
        <testcase name="test_webhook_rejects_invalid_event" file="/home/candido/Projects/15SOAT-Fase1/tests/Feature/WebhookTest.php" line="138" class="Tests\Feature\WebhookTest" classname="Tests.Feature.WebhookTest" assertions="1" time="0.051320"/>
      </testsuite>
    </testsuite>
  </testsuite>
</testsuites>
